mode: atomic
github.com/aegisgatesecurity/aegisgate-rampart/internal/llm/presets.go:21.28,59.2 1 13
github.com/aegisgatesecurity/aegisgate-rampart/internal/llm/presets.go:62.46,64.28 2 8
github.com/aegisgatesecurity/aegisgate-rampart/internal/llm/presets.go:64.28,65.21 1 30
github.com/aegisgatesecurity/aegisgate-rampart/internal/llm/presets.go:65.21,67.4 1 5
github.com/aegisgatesecurity/aegisgate-rampart/internal/llm/presets.go:69.2,69.55 1 3
github.com/aegisgatesecurity/aegisgate-rampart/internal/logging/logging.go:39.22,40.21 1 11
github.com/aegisgatesecurity/aegisgate-rampart/internal/logging/logging.go:40.21,42.3 1 10
github.com/aegisgatesecurity/aegisgate-rampart/internal/logging/logging.go:44.2,44.72 1 11
github.com/aegisgatesecurity/aegisgate-rampart/internal/autostart/autostart.go:38.35,40.2 1 33
github.com/aegisgatesecurity/aegisgate-rampart/internal/autostart/autostart.go:43.34,44.22 1 9
github.com/aegisgatesecurity/aegisgate-rampart/internal/autostart/autostart.go:45.16,46.26 1 0
github.com/aegisgatesecurity/aegisgate-rampart/internal/autostart/autostart.go:47.15,48.25 1 9
github.com/aegisgatesecurity/aegisgate-rampart/internal/autostart/autostart.go:49.17,50.27 1 0
github.com/aegisgatesecurity/aegisgate-rampart/internal/autostart/autostart.go:51.10,52.62 1 0
github.com/aegisgatesecurity/aegisgate-rampart/internal/autostart/autostart.go:57.35,58.22 1 11
github.com/aegisgatesecurity/aegisgate-rampart/internal/autostart/autostart.go:59.16,60.27 1 0
github.com/aegisgatesecurity/aegisgate-rampart/internal/autostart/autostart.go:61.15,62.26 1 11
github.com/aegisgatesecurity/aegisgate-rampart/internal/autostart/autostart.go:63.17,64.28 1 0
github.com/aegisgatesecurity/aegisgate-rampart/internal/autostart/autostart.go:65.10,66.62 1 0
github.com/aegisgatesecurity/aegisgate-rampart/internal/autostart/autostart.go:71.36,72.22 1 12
github.com/aegisgatesecurity/aegisgate-rampart/internal/autostart/autostart.go:73.16,74.29 1 0
github.com/aegisgatesecurity/aegisgate-rampart/internal/autostart/autostart.go:75.15,76.28 1 12
github.com/aegisgatesecurity/aegisgate-rampart/internal/autostart/autostart.go:77.17,78.30 1 0
github.com/aegisgatesecurity/aegisgate-rampart/internal/autostart/autostart.go:79.10,80.15 1 0
github.com/aegisgatesecurity/aegisgate-rampart/internal/autostart/autostart.go:86.38,89.2 2 2
github.com/aegisgatesecurity/aegisgate-rampart/internal/autostart/autostart.go:91.40,115.2 2 0
github.com/aegisgatesecurity/aegisgate-rampart/internal/autostart/autostart.go:117.41,119.2 1 0
github.com/aegisgatesecurity/aegisgate-rampart/internal/autostart/autostart.go:121.42,124.2 2 0
github.com/aegisgatesecurity/aegisgate-rampart/internal/autostart/autostart.go:128.37,131.2 2 51
github.com/aegisgatesecurity/aegisgate-rampart/internal/autostart/autostart.go:133.39,135.51 2 10
github.com/aegisgatesecurity/aegisgate-rampart/internal/autostart/autostart.go:135.51,137.3 1 0
github.com/aegisgatesecurity/aegisgate-rampart/internal/autostart/autostart.go:139.2,152.55 2 10
github.com/aegisgatesecurity/aegisgate-rampart/internal/autostart/autostart.go:155.40,157.2 1 12
github.com/aegisgatesecurity/aegisgate-rampart/internal/autostart/autostart.go:159.41,162.2 2 14
github.com/aegisgatesecurity/aegisgate-rampart/internal/autostart/autostart.go:166.41,168.71 1 1
github.com/aegisgatesecurity/aegisgate-rampart/internal/autostart/autostart.go:168.71,170.3 1 1
github.com/aegisgatesecurity/aegisgate-rampart/internal/autostart/autostart.go:172.2,179.65 3 0
github.com/aegisgatesecurity/aegisgate-rampart/internal/autostart/autostart.go:179.65,181.3 1 0
github.com/aegisgatesecurity/aegisgate-rampart/internal/autostart/autostart.go:182.2,182.56 1 0
github.com/aegisgatesecurity/aegisgate-rampart/internal/autostart/autostart.go:185.42,192.2 4 0
github.com/aegisgatesecurity/aegisgate-rampart/internal/autostart/autostart.go:194.43,196.32 1 0
github.com/aegisgatesecurity/aegisgate-rampart/internal/autostart/autostart.go:196.32,198.3 1 0
github.com/aegisgatesecurity/aegisgate-rampart/internal/autostart/autostart.go:199.2,201.19 3 0
github.com/aegisgatesecurity/aegisgate-rampart/internal/autostart/autostart_registry_stub.go:7.50,9.2 1 1
github.com/aegisgatesecurity/aegisgate-rampart/internal/autostart/autostart_registry_stub.go:12.37,14.2 1 0
github.com/aegisgatesecurity/aegisgate-rampart/internal/autostart/autostart_registry_stub.go:17.38,19.2 1 0
github.com/aegisgatesecurity/aegisgate-rampart/internal/integrity/integrity.go:68.45,73.2 1 18
github.com/aegisgatesecurity/aegisgate-rampart/internal/integrity/integrity.go:76.67,78.16 2 30
github.com/aegisgatesecurity/aegisgate-rampart/internal/integrity/integrity.go:78.16,80.3 1 3
github.com/aegisgatesecurity/aegisgate-rampart/internal/integrity/integrity.go:81.2,84.47 3 27
github.com/aegisgatesecurity/aegisgate-rampart/internal/integrity/integrity.go:84.47,86.3 1 0
github.com/aegisgatesecurity/aegisgate-rampart/internal/integrity/integrity.go:88.2,88.47 1 27
github.com/aegisgatesecurity/aegisgate-rampart/internal/integrity/integrity.go:92.98,101.41 2 10
github.com/aegisgatesecurity/aegisgate-rampart/internal/integrity/integrity.go:101.41,104.17 2 16
github.com/aegisgatesecurity/aegisgate-rampart/internal/integrity/integrity.go:104.17,105.20 1 2
github.com/aegisgatesecurity/aegisgate-rampart/internal/integrity/integrity.go:105.20,107.5 1 1
github.com/aegisgatesecurity/aegisgate-rampart/internal/integrity/integrity.go:109.4,109.12 1 1
github.com/aegisgatesecurity/aegisgate-rampart/internal/integrity/integrity.go:113.3,114.17 2 14
github.com/aegisgatesecurity/aegisgate-rampart/internal/integrity/integrity.go:114.17,115.20 1 0
github.com/aegisgatesecurity/aegisgate-rampart/internal/integrity/integrity.go:115.20,117.5 1 0
github.com/aegisgatesecurity/aegisgate-rampart/internal/integrity/integrity.go:118.4,118.12 1 0
github.com/aegisgatesecurity/aegisgate-rampart/internal/integrity/integrity.go:121.3,131.52 2 14
github.com/aegisgatesecurity/aegisgate-rampart/internal/integrity/integrity.go:134.2,134.20 1 9
github.com/aegisgatesecurity/aegisgate-rampart/internal/integrity/integrity.go:138.90,147.16 3 4
github.com/aegisgatesecurity/aegisgate-rampart/internal/integrity/integrity.go:147.16,150.3 2 0
github.com/aegisgatesecurity/aegisgate-rampart/internal/integrity/integrity.go:151.2,155.16 3 4
github.com/aegisgatesecurity/aegisgate-rampart/internal/integrity/integrity.go:155.16,165.3 1 4
github.com/aegisgatesecurity/aegisgate-rampart/internal/integrity/integrity.go:168.2,168.52 1 4
github.com/aegisgatesecurity/aegisgate-rampart/internal/integrity/integrity.go:168.52,172.3 3 1
github.com/aegisgatesecurity/aegisgate-rampart/internal/integrity/integrity.go:174.2,175.20 2 3
github.com/aegisgatesecurity/aegisgate-rampart/internal/integrity/integrity.go:179.84,183.40 3 0
github.com/aegisgatesecurity/aegisgate-rampart/internal/integrity/integrity.go:183.40,186.17 3 0
github.com/aegisgatesecurity/aegisgate-rampart/internal/integrity/integrity.go:186.17,188.4 1 0
github.com/aegisgatesecurity/aegisgate-rampart/internal/integrity/integrity.go:191.2,191.32 1 0
github.com/aegisgatesecurity/aegisgate-rampart/internal/integrity/integrity.go:191.32,193.3 1 0
github.com/aegisgatesecurity/aegisgate-rampart/internal/integrity/integrity.go:195.2,195.21 1 0
github.com/aegisgatesecurity/aegisgate-rampart/internal/integrity/integrity.go:199.80,201.16 2 1
github.com/aegisgatesecurity/aegisgate-rampart/internal/integrity/integrity.go:201.16,203.3 1 0
github.com/aegisgatesecurity/aegisgate-rampart/internal/integrity/integrity.go:206.2,207.47 2 1
github.com/aegisgatesecurity/aegisgate-rampart/internal/integrity/integrity.go:207.47,209.3 1 0
github.com/aegisgatesecurity/aegisgate-rampart/internal/integrity/integrity.go:211.2,211.61 1 1
github.com/aegisgatesecurity/aegisgate-rampart/internal/integrity/integrity.go:211.61,213.3 1 0
github.com/aegisgatesecurity/aegisgate-rampart/internal/integrity/integrity.go:215.2,215.12 1 1
github.com/aegisgatesecurity/aegisgate-rampart/internal/integrity/integrity.go:219.75,221.16 2 2
github.com/aegisgatesecurity/aegisgate-rampart/internal/integrity/integrity.go:221.16,223.3 1 0
github.com/aegisgatesecurity/aegisgate-rampart/internal/integrity/integrity.go:225.2,226.54 2 2
github.com/aegisgatesecurity/aegisgate-rampart/internal/integrity/integrity.go:226.54,228.3 1 0
github.com/aegisgatesecurity/aegisgate-rampart/internal/integrity/integrity.go:231.2,231.25 1 2
github.com/aegisgatesecurity/aegisgate-rampart/internal/integrity/integrity.go:231.25,233.3 1 1
github.com/aegisgatesecurity/aegisgate-rampart/internal/integrity/integrity.go:236.2,236.34 1 1
github.com/aegisgatesecurity/aegisgate-rampart/internal/integrity/integrity.go:236.34,238.3 1 0
github.com/aegisgatesecurity/aegisgate-rampart/internal/integrity/integrity.go:240.2,240.21 1 1
github.com/aegisgatesecurity/aegisgate-rampart/internal/integrity/integrity.go:244.77,251.42 2 4
github.com/aegisgatesecurity/aegisgate-rampart/internal/integrity/integrity.go:251.42,260.25 3 8
github.com/aegisgatesecurity/aegisgate-rampart/internal/integrity/integrity.go:260.25,267.12 5 2
github.com/aegisgatesecurity/aegisgate-rampart/internal/integrity/integrity.go:269.3,269.17 1 6
github.com/aegisgatesecurity/aegisgate-rampart/internal/integrity/integrity.go:269.17,274.12 5 0
github.com/aegisgatesecurity/aegisgate-rampart/internal/integrity/integrity.go:278.3,279.17 2 6
github.com/aegisgatesecurity/aegisgate-rampart/internal/integrity/integrity.go:279.17,284.12 5 0
github.com/aegisgatesecurity/aegisgate-rampart/internal/integrity/integrity.go:288.3,288.52 1 6
github.com/aegisgatesecurity/aegisgate-rampart/internal/integrity/integrity.go:288.52,300.4 3 3
github.com/aegisgatesecurity/aegisgate-rampart/internal/integrity/integrity.go:300.9,312.4 3 3
github.com/aegisgatesecurity/aegisgate-rampart/internal/integrity/integrity.go:314.3,314.50 1 6
github.com/aegisgatesecurity/aegisgate-rampart/internal/integrity/integrity.go:317.2,317.20 1 4
github.com/aegisgatesecurity/aegisgate-rampart/internal/integrity/integrity.go:330.39,331.11 1 5
github.com/aegisgatesecurity/aegisgate-rampart/internal/integrity/integrity.go:332.23,333.21 1 1
github.com/aegisgatesecurity/aegisgate-rampart/internal/integrity/integrity.go:334.22,335.20 1 1
github.com/aegisgatesecurity/aegisgate-rampart/internal/integrity/integrity.go:336.21,337.19 1 1
github.com/aegisgatesecurity/aegisgate-rampart/internal/integrity/integrity.go:338.19,339.17 1 1
github.com/aegisgatesecurity/aegisgate-rampart/internal/integrity/integrity.go:340.10,341.19 1 1
github.com/aegisgatesecurity/aegisgate-rampart/internal/integrity/integrity.go:372.40,374.2 1 4
github.com/aegisgatesecurity/aegisgate-rampart/internal/enterprise/gate.go:30.13,36.2 2 1
github.com/aegisgatesecurity/aegisgate-rampart/internal/enterprise/gate.go:45.37,47.2 1 219
github.com/aegisgatesecurity/aegisgate-rampart/internal/enterprise/gate.go:50.47,65.27 4 219
github.com/aegisgatesecurity/aegisgate-rampart/internal/enterprise/gate.go:65.27,67.3 1 107
github.com/aegisgatesecurity/aegisgate-rampart/internal/enterprise/gate.go:70.2,70.20 1 112
github.com/aegisgatesecurity/aegisgate-rampart/internal/enterprise/gate.go:70.20,72.3 1 109
github.com/aegisgatesecurity/aegisgate-rampart/internal/enterprise/gate.go:75.2,85.36 2 3
github.com/aegisgatesecurity/aegisgate-rampart/internal/enterprise/gate.go:89.39,91.2 1 104
github.com/aegisgatesecurity/aegisgate-rampart/internal/enterprise/gate.go:94.49,96.51 1 104
github.com/aegisgatesecurity/aegisgate-rampart/internal/enterprise/gate.go:96.51,98.3 1 2
github.com/aegisgatesecurity/aegisgate-rampart/internal/enterprise/gate.go:100.2,108.23 6 102
github.com/aegisgatesecurity/aegisgate-rampart/internal/enterprise/gate.go:112.25,114.2 1 106
github.com/aegisgatesecurity/aegisgate-rampart/internal/enterprise/gate.go:117.35,126.71 6 106
github.com/aegisgatesecurity/aegisgate-rampart/internal/enterprise/gate.go:126.71,128.3 1 0
github.com/aegisgatesecurity/aegisgate-rampart/internal/enterprise/gate.go:130.2,130.12 1 106
github.com/aegisgatesecurity/aegisgate-rampart/internal/enterprise/gate.go:134.30,136.2 1 3
github.com/aegisgatesecurity/aegisgate-rampart/internal/enterprise/gate.go:139.40,143.19 3 3
github.com/aegisgatesecurity/aegisgate-rampart/internal/enterprise/gate.go:143.19,145.3 1 1
github.com/aegisgatesecurity/aegisgate-rampart/internal/enterprise/gate.go:146.2,146.18 1 2
github.com/aegisgatesecurity/aegisgate-rampart/internal/enterprise/gate.go:150.29,152.2 1 1
github.com/aegisgatesecurity/aegisgate-rampart/internal/enterprise/gate.go:154.35,156.16 2 1
github.com/aegisgatesecurity/aegisgate-rampart/internal/enterprise/gate.go:156.16,157.25 1 1
github.com/aegisgatesecurity/aegisgate-rampart/internal/enterprise/gate.go:157.25,159.4 1 1
github.com/aegisgatesecurity/aegisgate-rampart/internal/enterprise/gate.go:160.3,160.13 1 0
github.com/aegisgatesecurity/aegisgate-rampart/internal/enterprise/gate.go:163.2,164.51 2 0
github.com/aegisgatesecurity/aegisgate-rampart/internal/enterprise/gate.go:164.51,166.3 1 0
github.com/aegisgatesecurity/aegisgate-rampart/internal/enterprise/gate.go:168.2,172.12 4 0
github.com/aegisgatesecurity/aegisgate-rampart/internal/enterprise/gate.go:175.35,182.16 3 102
github.com/aegisgatesecurity/aegisgate-rampart/internal/enterprise/gate.go:182.16,184.3 1 0
github.com/aegisgatesecurity/aegisgate-rampart/internal/enterprise/gate.go:187.2,188.47 2 102
github.com/aegisgatesecurity/aegisgate-rampart/internal/enterprise/gate.go:188.47,190.3 1 0
github.com/aegisgatesecurity/aegisgate-rampart/internal/enterprise/gate.go:192.2,192.47 1 102
github.com/aegisgatesecurity/aegisgate-rampart/internal/enterprise/gate.go:195.29,197.16 2 1
github.com/aegisgatesecurity/aegisgate-rampart/internal/enterprise/gate.go:197.16,199.3 1 0
github.com/aegisgatesecurity/aegisgate-rampart/internal/enterprise/gate.go:200.2,200.90 1 1
github.com/aegisgatesecurity/aegisgate-rampart/internal/enterprise/gate.go:203.46,206.15 1 104
github.com/aegisgatesecurity/aegisgate-rampart/internal/enterprise/gate.go:206.15,208.3 1 1
github.com/aegisgatesecurity/aegisgate-rampart/internal/enterprise/gate.go:209.2,209.17 1 103
github.com/aegisgatesecurity/aegisgate-rampart/internal/enterprise/gate.go:209.17,211.3 1 1
github.com/aegisgatesecurity/aegisgate-rampart/internal/enterprise/gate.go:212.2,212.12 1 102
github.com/aegisgatesecurity/aegisgate-rampart/internal/certificate/certificate.go:47.28,52.2 1 32
github.com/aegisgatesecurity/aegisgate-rampart/internal/certificate/certificate.go:55.62,60.16 4 27
github.com/aegisgatesecurity/aegisgate-rampart/internal/certificate/certificate.go:60.16,62.3 1 0
github.com/aegisgatesecurity/aegisgate-rampart/internal/certificate/certificate.go:64.2,81.16 3 27
github.com/aegisgatesecurity/aegisgate-rampart/internal/certificate/certificate.go:81.16,83.3 1 0
github.com/aegisgatesecurity/aegisgate-rampart/internal/certificate/certificate.go:85.2,86.16 2 27
github.com/aegisgatesecurity/aegisgate-rampart/internal/certificate/certificate.go:86.16,88.3 1 0
github.com/aegisgatesecurity/aegisgate-rampart/internal/certificate/certificate.go:90.2,92.16 3 27
github.com/aegisgatesecurity/aegisgate-rampart/internal/certificate/certificate.go:92.16,94.3 1 0
github.com/aegisgatesecurity/aegisgate-rampart/internal/certificate/certificate.go:95.2,107.21 6 27
github.com/aegisgatesecurity/aegisgate-rampart/internal/certificate/certificate.go:111.83,115.28 3 16
github.com/aegisgatesecurity/aegisgate-rampart/internal/certificate/certificate.go:115.28,117.17 2 0
github.com/aegisgatesecurity/aegisgate-rampart/internal/certificate/certificate.go:117.17,119.4 1 0
github.com/aegisgatesecurity/aegisgate-rampart/internal/certificate/certificate.go:120.3,120.23 1 0
github.com/aegisgatesecurity/aegisgate-rampart/internal/certificate/certificate.go:123.2,123.53 1 16
github.com/aegisgatesecurity/aegisgate-rampart/internal/certificate/certificate.go:123.53,125.3 1 1
github.com/aegisgatesecurity/aegisgate-rampart/internal/certificate/certificate.go:127.2,128.16 2 15
github.com/aegisgatesecurity/aegisgate-rampart/internal/certificate/certificate.go:128.16,130.3 1 0
github.com/aegisgatesecurity/aegisgate-rampart/internal/certificate/certificate.go:132.2,148.16 3 15
github.com/aegisgatesecurity/aegisgate-rampart/internal/certificate/certificate.go:148.16,150.3 1 0
github.com/aegisgatesecurity/aegisgate-rampart/internal/certificate/certificate.go:152.2,153.16 2 15
github.com/aegisgatesecurity/aegisgate-rampart/internal/certificate/certificate.go:153.16,155.3 1 0
github.com/aegisgatesecurity/aegisgate-rampart/internal/certificate/certificate.go:157.2,159.16 3 15
github.com/aegisgatesecurity/aegisgate-rampart/internal/certificate/certificate.go:159.16,161.3 1 0
github.com/aegisgatesecurity/aegisgate-rampart/internal/certificate/certificate.go:162.2,172.21 4 15
github.com/aegisgatesecurity/aegisgate-rampart/internal/certificate/certificate.go:176.75,180.69 3 3
github.com/aegisgatesecurity/aegisgate-rampart/internal/certificate/certificate.go:180.69,182.3 1 1
github.com/aegisgatesecurity/aegisgate-rampart/internal/certificate/certificate.go:183.2,183.67 1 2
github.com/aegisgatesecurity/aegisgate-rampart/internal/certificate/certificate.go:183.67,185.3 1 0
github.com/aegisgatesecurity/aegisgate-rampart/internal/certificate/certificate.go:187.2,187.12 1 2
github.com/aegisgatesecurity/aegisgate-rampart/internal/certificate/certificate.go:191.60,195.28 3 2
github.com/aegisgatesecurity/aegisgate-rampart/internal/certificate/certificate.go:195.28,197.3 1 1
github.com/aegisgatesecurity/aegisgate-rampart/internal/certificate/certificate.go:198.2,198.29 1 1
github.com/aegisgatesecurity/aegisgate-rampart/internal/certificate/certificate.go:202.78,207.2 4 3
github.com/aegisgatesecurity/aegisgate-rampart/internal/certificate/certificate.go:210.73,215.13 4 3
github.com/aegisgatesecurity/aegisgate-rampart/internal/certificate/certificate.go:215.13,217.3 1 1
github.com/aegisgatesecurity/aegisgate-rampart/internal/certificate/certificate.go:218.2,218.18 1 2
github.com/aegisgatesecurity/aegisgate-rampart/internal/certificate/certificate.go:222.40,226.2 3 2
github.com/aegisgatesecurity/aegisgate-rampart/internal/certificate/certificate.go:229.41,233.2 3 2
github.com/aegisgatesecurity/aegisgate-rampart/internal/certificate/certificate.go:236.48,240.2 3 7
github.com/aegisgatesecurity/aegisgate-rampart/internal/certificate/certificate.go:243.45,247.2 3 7
github.com/aegisgatesecurity/aegisgate-rampart/internal/certificate/certificate.go:250.32,254.2 3 2
github.com/aegisgatesecurity/aegisgate-rampart/internal/certificate/certificate.go:261.67,262.26 1 6
github.com/aegisgatesecurity/aegisgate-rampart/internal/certificate/certificate.go:262.26,264.3 1 1
github.com/aegisgatesecurity/aegisgate-rampart/internal/certificate/certificate.go:267.2,268.43 2 5
github.com/aegisgatesecurity/aegisgate-rampart/internal/certificate/certificate.go:268.43,270.3 1 0
github.com/aegisgatesecurity/aegisgate-rampart/internal/certificate/certificate.go:271.2,272.44 2 5
github.com/aegisgatesecurity/aegisgate-rampart/internal/certificate/certificate.go:272.44,274.3 1 0
github.com/aegisgatesecurity/aegisgate-rampart/internal/certificate/certificate.go:277.2,280.61 4 5
github.com/aegisgatesecurity/aegisgate-rampart/internal/certificate/certificate.go:280.61,282.3 1 0
github.com/aegisgatesecurity/aegisgate-rampart/internal/certificate/certificate.go:285.2,286.16 2 5
github.com/aegisgatesecurity/aegisgate-rampart/internal/certificate/certificate.go:286.16,288.3 1 0
github.com/aegisgatesecurity/aegisgate-rampart/internal/certificate/certificate.go:289.2,290.16 2 5
github.com/aegisgatesecurity/aegisgate-rampart/internal/certificate/certificate.go:290.16,292.3 1 0
github.com/aegisgatesecurity/aegisgate-rampart/internal/certificate/certificate.go:295.2,308.42 7 5
github.com/aegisgatesecurity/aegisgate-rampart/internal/certificate/certificate.go:314.73,316.18 2 6
github.com/aegisgatesecurity/aegisgate-rampart/internal/certificate/certificate.go:316.18,318.3 1 2
github.com/aegisgatesecurity/aegisgate-rampart/internal/certificate/certificate.go:319.2,319.43 1 4
github.com/aegisgatesecurity/aegisgate-rampart/internal/certificate/certificate.go:319.43,321.3 1 0
github.com/aegisgatesecurity/aegisgate-rampart/internal/certificate/certificate.go:323.2,324.25 2 4
github.com/aegisgatesecurity/aegisgate-rampart/internal/certificate/certificate.go:324.25,326.3 1 0
github.com/aegisgatesecurity/aegisgate-rampart/internal/certificate/certificate.go:329.2,337.61 7 4
github.com/aegisgatesecurity/aegisgate-rampart/internal/certificate/certificate.go:337.61,339.3 1 0
github.com/aegisgatesecurity/aegisgate-rampart/internal/certificate/certificate.go:342.2,343.16 2 4
github.com/aegisgatesecurity/aegisgate-rampart/internal/certificate/certificate.go:343.16,345.3 1 0
github.com/aegisgatesecurity/aegisgate-rampart/internal/certificate/certificate.go:346.2,347.16 2 4
github.com/aegisgatesecurity/aegisgate-rampart/internal/certificate/certificate.go:347.16,349.3 1 0
github.com/aegisgatesecurity/aegisgate-rampart/internal/certificate/certificate.go:351.2,352.16 2 4
github.com/aegisgatesecurity/aegisgate-rampart/internal/certificate/certificate.go:352.16,354.3 1 2
github.com/aegisgatesecurity/aegisgate-rampart/internal/certificate/certificate.go:356.2,356.23 1 2
github.com/aegisgatesecurity/aegisgate-rampart/internal/certificate/certificate.go:362.103,367.69 3 3
github.com/aegisgatesecurity/aegisgate-rampart/internal/certificate/certificate.go:367.69,369.3 1 0
github.com/aegisgatesecurity/aegisgate-rampart/internal/certificate/certificate.go:372.2,373.16 2 3
github.com/aegisgatesecurity/aegisgate-rampart/internal/certificate/certificate.go:373.16,375.3 1 0
github.com/aegisgatesecurity/aegisgate-rampart/internal/certificate/certificate.go:376.2,376.66 1 3
github.com/aegisgatesecurity/aegisgate-rampart/internal/certificate/certificate.go:376.66,378.3 1 0
github.com/aegisgatesecurity/aegisgate-rampart/internal/certificate/certificate.go:380.2,380.12 1 3
github.com/aegisgatesecurity/aegisgate-rampart/internal/certificate/certificate.go:386.87,389.16 2 2
github.com/aegisgatesecurity/aegisgate-rampart/internal/certificate/certificate.go:389.16,391.3 1 0
github.com/aegisgatesecurity/aegisgate-rampart/internal/certificate/certificate.go:393.2,394.57 2 2
github.com/aegisgatesecurity/aegisgate-rampart/internal/certificate/certificate.go:394.57,396.3 1 0
github.com/aegisgatesecurity/aegisgate-rampart/internal/certificate/certificate.go:398.2,399.16 2 2
github.com/aegisgatesecurity/aegisgate-rampart/internal/certificate/certificate.go:399.16,401.3 1 0
github.com/aegisgatesecurity/aegisgate-rampart/internal/certificate/certificate.go:404.2,405.16 2 2
github.com/aegisgatesecurity/aegisgate-rampart/internal/certificate/certificate.go:405.16,407.3 1 0
github.com/aegisgatesecurity/aegisgate-rampart/internal/certificate/certificate.go:409.2,410.16 2 2
github.com/aegisgatesecurity/aegisgate-rampart/internal/certificate/certificate.go:410.16,412.3 1 1
github.com/aegisgatesecurity/aegisgate-rampart/internal/certificate/certificate.go:415.2,416.21 2 1
github.com/aegisgatesecurity/aegisgate-rampart/internal/certificate/certificate.go:416.21,418.3 1 0
github.com/aegisgatesecurity/aegisgate-rampart/internal/certificate/certificate.go:420.2,421.23 2 1
github.com/aegisgatesecurity/aegisgate-rampart/internal/certificate/certificate.go:422.24,423.59 1 1
github.com/aegisgatesecurity/aegisgate-rampart/internal/certificate/certificate.go:424.25,425.62 1 0
github.com/aegisgatesecurity/aegisgate-rampart/internal/certificate/certificate.go:426.21,427.62 1 0
github.com/aegisgatesecurity/aegisgate-rampart/internal/certificate/certificate.go:428.10,429.67 1 0
github.com/aegisgatesecurity/aegisgate-rampart/internal/certificate/certificate.go:431.2,431.16 1 1
github.com/aegisgatesecurity/aegisgate-rampart/internal/certificate/certificate.go:431.16,433.3 1 0
github.com/aegisgatesecurity/aegisgate-rampart/internal/certificate/certificate.go:435.2,440.8 1 1
github.com/aegisgatesecurity/aegisgate-rampart/internal/detectors/compliance.go:244.13,246.2 1 1
github.com/aegisgatesecurity/aegisgate-rampart/internal/detectors/compliance.go:249.44,251.2 1 21
github.com/aegisgatesecurity/aegisgate-rampart/internal/detectors/engine.go:31.59,33.27 2 7
github.com/aegisgatesecurity/aegisgate-rampart/internal/detectors/engine.go:33.27,35.17 2 153
github.com/aegisgatesecurity/aegisgate-rampart/internal/detectors/engine.go:35.17,36.74 1 0
github.com/aegisgatesecurity/aegisgate-rampart/internal/detectors/engine.go:38.3,44.4 1 153
github.com/aegisgatesecurity/aegisgate-rampart/internal/detectors/engine.go:46.2,46.17 1 7
github.com/aegisgatesecurity/aegisgate-rampart/internal/detectors/engine.go:50.91,51.20 1 270
github.com/aegisgatesecurity/aegisgate-rampart/internal/detectors/engine.go:51.20,53.3 1 24
github.com/aegisgatesecurity/aegisgate-rampart/internal/detectors/engine.go:55.2,58.29 3 246
github.com/aegisgatesecurity/aegisgate-rampart/internal/detectors/engine.go:58.29,60.31 2 5406
github.com/aegisgatesecurity/aegisgate-rampart/internal/detectors/engine.go:60.31,63.24 2 76
github.com/aegisgatesecurity/aegisgate-rampart/internal/detectors/engine.go:63.24,65.5 1 0
github.com/aegisgatesecurity/aegisgate-rampart/internal/detectors/engine.go:66.4,73.6 1 76
github.com/aegisgatesecurity/aegisgate-rampart/internal/detectors/engine.go:78.2,78.42 1 246
github.com/aegisgatesecurity/aegisgate-rampart/internal/detectors/engine.go:78.42,80.3 1 7
github.com/aegisgatesecurity/aegisgate-rampart/internal/detectors/engine.go:82.2,84.16 2 246
github.com/aegisgatesecurity/aegisgate-rampart/internal/detectors/engine.go:88.37,99.38 9 20
github.com/aegisgatesecurity/aegisgate-rampart/internal/detectors/engine.go:99.38,101.3 1 37
github.com/aegisgatesecurity/aegisgate-rampart/internal/detectors/engine.go:103.2,103.12 1 20
github.com/aegisgatesecurity/aegisgate-rampart/internal/detectors/engine.go:108.69,121.2 3 16
github.com/aegisgatesecurity/aegisgate-rampart/internal/detectors/engine.go:124.99,133.2 3 112
github.com/aegisgatesecurity/aegisgate-rampart/internal/detectors/pii_financial.go:75.13,77.2 1 1
github.com/aegisgatesecurity/aegisgate-rampart/internal/detectors/pii_financial.go:80.46,82.2 1 21
github.com/aegisgatesecurity/aegisgate-rampart/internal/detectors/pii_international.go:166.13,168.2 1 1
github.com/aegisgatesecurity/aegisgate-rampart/internal/detectors/pii_international.go:171.50,173.2 1 21
github.com/aegisgatesecurity/aegisgate-rampart/internal/detectors/pii_us_core.go:113.13,115.2 1 1
github.com/aegisgatesecurity/aegisgate-rampart/internal/detectors/pii_us_core.go:118.43,120.2 1 25
github.com/aegisgatesecurity/aegisgate-rampart/internal/detectors/pii_us_extended.go:101.13,103.2 1 1
github.com/aegisgatesecurity/aegisgate-rampart/internal/detectors/pii_us_extended.go:106.47,108.2 1 21
github.com/aegisgatesecurity/aegisgate-rampart/internal/detectors/secrets.go:293.13,295.2 1 1
github.com/aegisgatesecurity/aegisgate-rampart/internal/detectors/secrets.go:298.41,300.2 1 25
github.com/aegisgatesecurity/aegisgate-rampart/internal/detectors/xss.go:93.13,95.2 1 1
github.com/aegisgatesecurity/aegisgate-rampart/internal/detectors/xss.go:98.37,100.2 1 24
github.com/aegisgatesecurity/aegisgate-rampart/internal/catrust/catrust.go:47.41,53.45 2 8
github.com/aegisgatesecurity/aegisgate-rampart/internal/catrust/catrust.go:53.45,56.3 2 5
github.com/aegisgatesecurity/aegisgate-rampart/internal/catrust/catrust.go:58.2,58.22 1 3
github.com/aegisgatesecurity/aegisgate-rampart/internal/catrust/catrust.go:59.16,60.36 1 0
github.com/aegisgatesecurity/aegisgate-rampart/internal/catrust/catrust.go:61.15,62.35 1 3
github.com/aegisgatesecurity/aegisgate-rampart/internal/catrust/catrust.go:63.17,64.37 1 0
github.com/aegisgatesecurity/aegisgate-rampart/internal/catrust/catrust.go:65.10,67.16 2 0
github.com/aegisgatesecurity/aegisgate-rampart/internal/catrust/catrust.go:73.46,74.45 1 5
github.com/aegisgatesecurity/aegisgate-rampart/internal/catrust/catrust.go:74.45,79.3 1 3
github.com/aegisgatesecurity/aegisgate-rampart/internal/catrust/catrust.go:81.2,81.22 1 2
github.com/aegisgatesecurity/aegisgate-rampart/internal/catrust/catrust.go:82.16,83.36 1 0
github.com/aegisgatesecurity/aegisgate-rampart/internal/catrust/catrust.go:84.15,85.35 1 2
github.com/aegisgatesecurity/aegisgate-rampart/internal/catrust/catrust.go:86.17,87.37 1 0
github.com/aegisgatesecurity/aegisgate-rampart/internal/catrust/catrust.go:88.10,92.4 1 0
github.com/aegisgatesecurity/aegisgate-rampart/internal/catrust/catrust.go:97.46,102.22 4 6
github.com/aegisgatesecurity/aegisgate-rampart/internal/catrust/catrust.go:103.16,110.82 7 0
github.com/aegisgatesecurity/aegisgate-rampart/internal/catrust/catrust.go:112.15,121.70 9 6
github.com/aegisgatesecurity/aegisgate-rampart/internal/catrust/catrust.go:123.17,130.47 7 0
github.com/aegisgatesecurity/aegisgate-rampart/internal/catrust/catrust.go:133.2,134.20 2 6
github.com/aegisgatesecurity/aegisgate-rampart/internal/catrust/catrust.go:139.47,142.45 2 0
github.com/aegisgatesecurity/aegisgate-rampart/internal/catrust/catrust.go:142.45,145.3 2 0
github.com/aegisgatesecurity/aegisgate-rampart/internal/catrust/catrust.go:147.2,148.22 2 0
github.com/aegisgatesecurity/aegisgate-rampart/internal/catrust/catrust.go:148.22,151.3 2 0
github.com/aegisgatesecurity/aegisgate-rampart/internal/catrust/catrust.go:151.8,153.3 1 0
github.com/aegisgatesecurity/aegisgate-rampart/internal/catrust/catrust.go:154.2,154.15 1 0
github.com/aegisgatesecurity/aegisgate-rampart/internal/catrust/catrust.go:157.52,161.16 3 0
github.com/aegisgatesecurity/aegisgate-rampart/internal/catrust/catrust.go:161.16,167.3 1 0
github.com/aegisgatesecurity/aegisgate-rampart/internal/catrust/catrust.go:168.2,172.3 1 0
github.com/aegisgatesecurity/aegisgate-rampart/internal/catrust/catrust.go:177.46,181.41 3 5
github.com/aegisgatesecurity/aegisgate-rampart/internal/catrust/catrust.go:181.41,184.3 2 0
github.com/aegisgatesecurity/aegisgate-rampart/internal/catrust/catrust.go:184.8,186.3 1 5
github.com/aegisgatesecurity/aegisgate-rampart/internal/catrust/catrust.go:187.2,187.15 1 5
github.com/aegisgatesecurity/aegisgate-rampart/internal/catrust/catrust.go:190.51,193.53 3 3
github.com/aegisgatesecurity/aegisgate-rampart/internal/catrust/catrust.go:193.53,199.3 1 3
github.com/aegisgatesecurity/aegisgate-rampart/internal/catrust/catrust.go:200.2,201.53 2 0
github.com/aegisgatesecurity/aegisgate-rampart/internal/catrust/catrust.go:201.53,207.3 1 0
github.com/aegisgatesecurity/aegisgate-rampart/internal/catrust/catrust.go:208.2,212.3 1 0
github.com/aegisgatesecurity/aegisgate-rampart/internal/catrust/catrust.go:217.48,220.45 2 0
github.com/aegisgatesecurity/aegisgate-rampart/internal/catrust/catrust.go:220.45,223.3 2 0
github.com/aegisgatesecurity/aegisgate-rampart/internal/catrust/catrust.go:224.2,225.22 2 0
github.com/aegisgatesecurity/aegisgate-rampart/internal/catrust/catrust.go:225.22,228.3 2 0
github.com/aegisgatesecurity/aegisgate-rampart/internal/catrust/catrust.go:228.8,230.3 1 0
github.com/aegisgatesecurity/aegisgate-rampart/internal/catrust/catrust.go:231.2,231.15 1 0
github.com/aegisgatesecurity/aegisgate-rampart/internal/catrust/catrust.go:234.53,237.16 3 0
github.com/aegisgatesecurity/aegisgate-rampart/internal/catrust/catrust.go:237.16,243.3 1 0
github.com/aegisgatesecurity/aegisgate-rampart/internal/catrust/catrust.go:244.2,248.3 1 0
github.com/aegisgatesecurity/aegisgate-rampart/internal/catrust/catrust.go:252.33,254.2 1 4
github.com/aegisgatesecurity/aegisgate-rampart/internal/metrics/anonymized.go:101.61,102.20 1 13
github.com/aegisgatesecurity/aegisgate-rampart/internal/metrics/anonymized.go:102.20,104.3 1 12
github.com/aegisgatesecurity/aegisgate-rampart/internal/metrics/anonymized.go:106.2,123.10 4 13
github.com/aegisgatesecurity/aegisgate-rampart/internal/metrics/anonymized.go:127.84,131.16 3 1025
github.com/aegisgatesecurity/aegisgate-rampart/internal/metrics/anonymized.go:131.16,133.3 1 1
github.com/aegisgatesecurity/aegisgate-rampart/internal/metrics/anonymized.go:136.2,154.31 5 1024
github.com/aegisgatesecurity/aegisgate-rampart/internal/metrics/anonymized.go:154.31,156.3 1 102
github.com/aegisgatesecurity/aegisgate-rampart/internal/metrics/anonymized.go:160.89,164.16 3 1
github.com/aegisgatesecurity/aegisgate-rampart/internal/metrics/anonymized.go:164.16,166.3 1 0
github.com/aegisgatesecurity/aegisgate-rampart/internal/metrics/anonymized.go:168.2,185.31 5 1
github.com/aegisgatesecurity/aegisgate-rampart/internal/metrics/anonymized.go:185.31,187.3 1 0
github.com/aegisgatesecurity/aegisgate-rampart/internal/metrics/anonymized.go:191.54,193.43 1 1036
github.com/aegisgatesecurity/aegisgate-rampart/internal/metrics/anonymized.go:193.43,195.3 1 1022
github.com/aegisgatesecurity/aegisgate-rampart/internal/metrics/anonymized.go:198.2,207.13 5 14
github.com/aegisgatesecurity/aegisgate-rampart/internal/metrics/anonymized.go:211.44,216.54 2 18
github.com/aegisgatesecurity/aegisgate-rampart/internal/metrics/anonymized.go:216.54,218.3 1 2
github.com/aegisgatesecurity/aegisgate-rampart/internal/metrics/anonymized.go:221.2,221.39 1 18
github.com/aegisgatesecurity/aegisgate-rampart/internal/metrics/anonymized.go:221.39,223.3 1 2
github.com/aegisgatesecurity/aegisgate-rampart/internal/metrics/anonymized.go:225.2,225.15 1 18
github.com/aegisgatesecurity/aegisgate-rampart/internal/metrics/anonymized.go:229.33,233.2 3 16
github.com/aegisgatesecurity/aegisgate-rampart/internal/metrics/anonymized.go:236.39,237.23 1 118
github.com/aegisgatesecurity/aegisgate-rampart/internal/metrics/anonymized.go:237.23,239.3 1 12
github.com/aegisgatesecurity/aegisgate-rampart/internal/metrics/anonymized.go:241.2,249.23 5 106
github.com/aegisgatesecurity/aegisgate-rampart/internal/metrics/anonymized.go:249.23,252.3 2 105
github.com/aegisgatesecurity/aegisgate-rampart/internal/metrics/anonymized.go:255.2,255.28 1 1
github.com/aegisgatesecurity/aegisgate-rampart/internal/metrics/anonymized.go:259.62,261.16 2 1
github.com/aegisgatesecurity/aegisgate-rampart/internal/metrics/anonymized.go:261.16,264.3 1 0
github.com/aegisgatesecurity/aegisgate-rampart/internal/metrics/anonymized.go:266.2,267.16 2 1
github.com/aegisgatesecurity/aegisgate-rampart/internal/metrics/anonymized.go:267.16,269.3 1 0
github.com/aegisgatesecurity/aegisgate-rampart/internal/metrics/anonymized.go:271.2,275.16 4 1
github.com/aegisgatesecurity/aegisgate-rampart/internal/metrics/anonymized.go:275.16,278.3 1 1
github.com/aegisgatesecurity/aegisgate-rampart/internal/metrics/anonymized.go:279.2,279.25 1 0
github.com/aegisgatesecurity/aegisgate-rampart/internal/metrics/anonymized.go:286.29,289.2 2 16
github.com/aegisgatesecurity/aegisgate-rampart/internal/metrics/anonymized.go:292.46,296.2 3 2
github.com/aegisgatesecurity/aegisgate-rampart/internal/metrics/anonymized.go:299.38,303.2 3 3
github.com/aegisgatesecurity/aegisgate-rampart/internal/metrics/anonymized.go:306.42,310.2 3 2
github.com/aegisgatesecurity/aegisgate-rampart/internal/metrics/anonymized.go:313.27,315.2 1 1026
github.com/aegisgatesecurity/aegisgate-rampart/internal/metrics/anonymized.go:318.35,321.2 2 12
github.com/aegisgatesecurity/aegisgate-rampart/internal/metrics/anonymized.go:324.61,326.2 1 0
github.com/aegisgatesecurity/aegisgate-rampart/internal/platform/paths_unix.go:15.25,18.48 1 6
github.com/aegisgatesecurity/aegisgate-rampart/internal/platform/paths_unix.go:18.48,20.3 1 6
github.com/aegisgatesecurity/aegisgate-rampart/internal/platform/paths_unix.go:22.2,23.16 2 0
github.com/aegisgatesecurity/aegisgate-rampart/internal/platform/paths_unix.go:23.16,25.3 1 0
github.com/aegisgatesecurity/aegisgate-rampart/internal/platform/paths_unix.go:26.2,26.60 1 0
github.com/aegisgatesecurity/aegisgate-rampart/internal/platform/paths_unix.go:33.23,35.16 2 3
github.com/aegisgatesecurity/aegisgate-rampart/internal/platform/paths_unix.go:35.16,37.3 1 0
github.com/aegisgatesecurity/aegisgate-rampart/internal/platform/paths_unix.go:38.2,38.22 1 3
github.com/aegisgatesecurity/aegisgate-rampart/internal/platform/paths_unix.go:39.16,41.84 1 0
github.com/aegisgatesecurity/aegisgate-rampart/internal/platform/paths_unix.go:42.10,44.69 1 3
github.com/aegisgatesecurity/aegisgate-rampart/internal/platform/paths_unix.go:49.24,50.47 1 3
github.com/aegisgatesecurity/aegisgate-rampart/internal/platform/paths_unix.go:50.47,52.3 1 3
github.com/aegisgatesecurity/aegisgate-rampart/internal/platform/paths_unix.go:53.2,54.16 2 0
github.com/aegisgatesecurity/aegisgate-rampart/internal/platform/paths_unix.go:54.16,56.3 1 0
github.com/aegisgatesecurity/aegisgate-rampart/internal/platform/paths_unix.go:57.2,57.59 1 0
github.com/aegisgatesecurity/aegisgate-rampart/internal/securemem/secure.go:34.46,38.2 1 2
github.com/aegisgatesecurity/aegisgate-rampart/internal/securemem/secure.go:42.53,48.2 3 6
github.com/aegisgatesecurity/aegisgate-rampart/internal/securemem/secure.go:52.40,56.2 3 105
github.com/aegisgatesecurity/aegisgate-rampart/internal/securemem/secure.go:59.35,63.2 3 103
github.com/aegisgatesecurity/aegisgate-rampart/internal/securemem/secure.go:68.35,72.20 3 7
github.com/aegisgatesecurity/aegisgate-rampart/internal/securemem/secure.go:72.20,74.26 1 7
github.com/aegisgatesecurity/aegisgate-rampart/internal/securemem/secure.go:74.26,76.4 1 260
github.com/aegisgatesecurity/aegisgate-rampart/internal/securemem/secure.go:79.3,82.16 2 7
github.com/aegisgatesecurity/aegisgate-rampart/internal/securemem/secure.go:94.46,98.2 1 2
github.com/aegisgatesecurity/aegisgate-rampart/internal/securemem/secure.go:101.40,105.2 3 3
github.com/aegisgatesecurity/aegisgate-rampart/internal/securemem/secure.go:108.41,112.2 3 2
github.com/aegisgatesecurity/aegisgate-rampart/internal/securemem/secure.go:115.35,119.20 3 2
github.com/aegisgatesecurity/aegisgate-rampart/internal/securemem/secure.go:119.20,120.26 1 2
github.com/aegisgatesecurity/aegisgate-rampart/internal/securemem/secure.go:120.26,122.4 1 20
github.com/aegisgatesecurity/aegisgate-rampart/internal/securemem/secure.go:123.3,124.16 2 2
github.com/aegisgatesecurity/aegisgate-rampart/internal/securemem/secure.go:130.29,131.17 1 5
github.com/aegisgatesecurity/aegisgate-rampart/internal/securemem/secure.go:131.17,133.3 1 1
github.com/aegisgatesecurity/aegisgate-rampart/internal/securemem/secure.go:135.2,135.22 1 4
github.com/aegisgatesecurity/aegisgate-rampart/internal/securemem/secure.go:135.22,137.3 1 61
github.com/aegisgatesecurity/aegisgate-rampart/internal/securemem/secure.go:140.2,140.25 1 4
github.com/aegisgatesecurity/aegisgate-rampart/internal/securemem/secure.go:145.27,146.13 1 2
github.com/aegisgatesecurity/aegisgate-rampart/internal/securemem/secure.go:146.13,148.3 1 1
github.com/aegisgatesecurity/aegisgate-rampart/internal/securemem/secure.go:150.2,151.17 2 1
github.com/aegisgatesecurity/aegisgate-rampart/internal/securemem/secure.go:156.38,157.17 1 3
github.com/aegisgatesecurity/aegisgate-rampart/internal/securemem/secure.go:157.17,159.3 1 1
github.com/aegisgatesecurity/aegisgate-rampart/internal/securemem/secure.go:161.2,161.22 1 2
github.com/aegisgatesecurity/aegisgate-rampart/internal/securemem/secure.go:161.22,163.3 1 64
github.com/aegisgatesecurity/aegisgate-rampart/internal/securemem/secure.go:165.2,165.25 1 2
github.com/aegisgatesecurity/aegisgate-rampart/internal/securemem/secure.go:175.63,179.2 1 2
github.com/aegisgatesecurity/aegisgate-rampart/internal/securemem/secure.go:182.46,184.2 1 1
github.com/aegisgatesecurity/aegisgate-rampart/internal/securemem/secure.go:188.62,194.15 5 2
github.com/aegisgatesecurity/aegisgate-rampart/internal/securemem/secure.go:194.15,196.3 1 2
github.com/aegisgatesecurity/aegisgate-rampart/internal/securemem/secure.go:198.2,198.17 1 2
github.com/aegisgatesecurity/aegisgate-rampart/internal/securemem/secure.go:203.54,206.23 3 2
github.com/aegisgatesecurity/aegisgate-rampart/internal/securemem/secure.go:206.23,208.3 1 1
github.com/aegisgatesecurity/aegisgate-rampart/internal/securemem/secure.go:209.2,209.36 1 1
github.com/aegisgatesecurity/aegisgate-rampart/internal/notify/notify.go:50.37,56.20 2 59
github.com/aegisgatesecurity/aegisgate-rampart/internal/notify/notify.go:56.20,58.3 1 50
github.com/aegisgatesecurity/aegisgate-rampart/internal/notify/notify.go:58.8,60.3 1 9
github.com/aegisgatesecurity/aegisgate-rampart/internal/notify/notify.go:61.2,61.10 1 59
github.com/aegisgatesecurity/aegisgate-rampart/internal/notify/notify.go:65.47,69.45 3 55
github.com/aegisgatesecurity/aegisgate-rampart/internal/notify/notify.go:69.45,71.3 1 53
github.com/aegisgatesecurity/aegisgate-rampart/internal/notify/notify.go:73.2,73.51 1 2
github.com/aegisgatesecurity/aegisgate-rampart/internal/notify/notify.go:73.51,75.3 1 0
github.com/aegisgatesecurity/aegisgate-rampart/internal/notify/notify.go:76.2,76.70 1 2
github.com/aegisgatesecurity/aegisgate-rampart/internal/notify/notify.go:76.70,78.3 1 0
github.com/aegisgatesecurity/aegisgate-rampart/internal/notify/notify.go:79.2,79.17 1 2
github.com/aegisgatesecurity/aegisgate-rampart/internal/notify/notify.go:87.57,89.21 1 7
github.com/aegisgatesecurity/aegisgate-rampart/internal/notify/notify.go:89.21,90.54 1 4
github.com/aegisgatesecurity/aegisgate-rampart/internal/notify/notify.go:90.54,91.42 1 4
github.com/aegisgatesecurity/aegisgate-rampart/internal/notify/notify.go:91.42,93.5 1 3
github.com/aegisgatesecurity/aegisgate-rampart/internal/notify/notify.go:97.2,97.22 1 4
github.com/aegisgatesecurity/aegisgate-rampart/internal/notify/notify.go:97.22,98.55 1 4
github.com/aegisgatesecurity/aegisgate-rampart/internal/notify/notify.go:98.55,99.42 1 4
github.com/aegisgatesecurity/aegisgate-rampart/internal/notify/notify.go:99.42,101.5 1 4
github.com/aegisgatesecurity/aegisgate-rampart/internal/notify/notify.go:105.2,105.30 1 0
github.com/aegisgatesecurity/aegisgate-rampart/internal/notify/notify.go:109.51,110.16 1 60
github.com/aegisgatesecurity/aegisgate-rampart/internal/notify/notify.go:110.16,112.3 1 58
github.com/aegisgatesecurity/aegisgate-rampart/internal/notify/notify.go:114.2,116.22 2 2
github.com/aegisgatesecurity/aegisgate-rampart/internal/notify/notify.go:117.15,118.36 1 2
github.com/aegisgatesecurity/aegisgate-rampart/internal/notify/notify.go:119.16,120.31 1 0
github.com/aegisgatesecurity/aegisgate-rampart/internal/notify/notify.go:121.17,122.38 1 0
github.com/aegisgatesecurity/aegisgate-rampart/internal/notify/notify.go:123.10,125.53 1 0
github.com/aegisgatesecurity/aegisgate-rampart/internal/notify/notify.go:130.95,133.25 3 9
github.com/aegisgatesecurity/aegisgate-rampart/internal/notify/notify.go:133.25,135.3 1 7
github.com/aegisgatesecurity/aegisgate-rampart/internal/notify/notify.go:136.2,139.4 1 9
github.com/aegisgatesecurity/aegisgate-rampart/internal/notify/notify.go:143.66,148.2 1 13
github.com/aegisgatesecurity/aegisgate-rampart/internal/notify/notify.go:151.61,156.2 1 13
github.com/aegisgatesecurity/aegisgate-rampart/internal/notify/notify.go:159.29,159.49 1 10
github.com/aegisgatesecurity/aegisgate-rampart/internal/notify/notify.go:162.30,162.51 1 48
github.com/aegisgatesecurity/aegisgate-rampart/internal/notify/notify.go:165.37,165.57 1 20
github.com/aegisgatesecurity/aegisgate-rampart/internal/notify/notify.go:168.71,171.16 2 2
github.com/aegisgatesecurity/aegisgate-rampart/internal/notify/notify.go:171.16,173.3 1 2
github.com/aegisgatesecurity/aegisgate-rampart/internal/notify/notify.go:175.2,178.18 3 2
github.com/aegisgatesecurity/aegisgate-rampart/internal/notify/notify.go:182.59,190.2 5 0
github.com/aegisgatesecurity/aegisgate-rampart/internal/notify/notify.go:193.73,195.2 1 0
github.com/aegisgatesecurity/aegisgate-rampart/internal/scanner/batch.go:38.48,47.82 4 13
github.com/aegisgatesecurity/aegisgate-rampart/internal/scanner/batch.go:47.82,48.17 1 33
github.com/aegisgatesecurity/aegisgate-rampart/internal/scanner/batch.go:48.17,50.4 1 0
github.com/aegisgatesecurity/aegisgate-rampart/internal/scanner/batch.go:53.3,53.16 1 33
github.com/aegisgatesecurity/aegisgate-rampart/internal/scanner/batch.go:53.16,57.66 2 17
github.com/aegisgatesecurity/aegisgate-rampart/internal/scanner/batch.go:57.66,59.5 1 2
github.com/aegisgatesecurity/aegisgate-rampart/internal/scanner/batch.go:60.4,60.14 1 15
github.com/aegisgatesecurity/aegisgate-rampart/internal/scanner/batch.go:64.3,64.24 1 16
github.com/aegisgatesecurity/aegisgate-rampart/internal/scanner/batch.go:64.24,66.4 1 1
github.com/aegisgatesecurity/aegisgate-rampart/internal/scanner/batch.go:68.3,73.28 5 15
github.com/aegisgatesecurity/aegisgate-rampart/internal/scanner/batch.go:73.28,76.27 3 15
github.com/aegisgatesecurity/aegisgate-rampart/internal/scanner/batch.go:76.27,80.5 3 5
github.com/aegisgatesecurity/aegisgate-rampart/internal/scanner/batch.go:83.3,83.13 1 15
github.com/aegisgatesecurity/aegisgate-rampart/internal/scanner/batch.go:86.2,86.16 1 13
github.com/aegisgatesecurity/aegisgate-rampart/internal/scanner/batch.go:86.16,88.3 1 0
github.com/aegisgatesecurity/aegisgate-rampart/internal/scanner/batch.go:90.2,91.20 2 13
github.com/aegisgatesecurity/aegisgate-rampart/internal/scanner/batch.go:94.40,98.16 3 15
github.com/aegisgatesecurity/aegisgate-rampart/internal/scanner/batch.go:98.16,100.3 1 1
github.com/aegisgatesecurity/aegisgate-rampart/internal/scanner/batch.go:101.2,106.21 4 14
github.com/aegisgatesecurity/aegisgate-rampart/internal/scanner/batch.go:106.21,113.54 3 35
github.com/aegisgatesecurity/aegisgate-rampart/internal/scanner/batch.go:113.54,121.4 1 14
github.com/aegisgatesecurity/aegisgate-rampart/internal/scanner/batch.go:124.3,124.34 1 35
github.com/aegisgatesecurity/aegisgate-rampart/internal/scanner/batch.go:124.35,127.4 0 1
github.com/aegisgatesecurity/aegisgate-rampart/internal/scanner/batch.go:130.2,130.19 1 14
github.com/aegisgatesecurity/aegisgate-rampart/internal/scanner/batch.go:133.35,144.2 3 32
github.com/aegisgatesecurity/aegisgate-rampart/internal/verify/cosign_simple.go:35.95,43.16 3 0
github.com/aegisgatesecurity/aegisgate-rampart/internal/verify/cosign_simple.go:43.16,46.3 2 0
github.com/aegisgatesecurity/aegisgate-rampart/internal/verify/cosign_simple.go:50.2,60.16 6 0
github.com/aegisgatesecurity/aegisgate-rampart/internal/verify/cosign_simple.go:60.16,65.3 4 0
github.com/aegisgatesecurity/aegisgate-rampart/internal/verify/cosign_simple.go:67.2,69.20 3 0
github.com/aegisgatesecurity/aegisgate-rampart/internal/verify/cosign_simple.go:76.84,79.16 2 0
github.com/aegisgatesecurity/aegisgate-rampart/internal/verify/cosign_simple.go:79.16,81.3 1 0
github.com/aegisgatesecurity/aegisgate-rampart/internal/verify/cosign_simple.go:85.2,92.16 6 0
github.com/aegisgatesecurity/aegisgate-rampart/internal/verify/cosign_simple.go:92.16,94.3 1 0
github.com/aegisgatesecurity/aegisgate-rampart/internal/verify/cosign_simple.go:97.2,101.55 3 0
github.com/aegisgatesecurity/aegisgate-rampart/internal/verify/cosign_simple.go:101.55,103.3 1 0
github.com/aegisgatesecurity/aegisgate-rampart/internal/verify/cosign_simple.go:104.2,104.56 1 0
github.com/aegisgatesecurity/aegisgate-rampart/internal/verify/cosign_simple.go:104.56,106.3 1 0
github.com/aegisgatesecurity/aegisgate-rampart/internal/verify/cosign_simple.go:108.2,108.37 1 0
github.com/aegisgatesecurity/aegisgate-rampart/internal/verify/cosign_simple.go:115.66,118.16 2 0
github.com/aegisgatesecurity/aegisgate-rampart/internal/verify/cosign_simple.go:118.16,120.3 1 0
github.com/aegisgatesecurity/aegisgate-rampart/internal/verify/cosign_simple.go:124.2,134.16 6 0
github.com/aegisgatesecurity/aegisgate-rampart/internal/verify/cosign_simple.go:134.16,136.3 1 0
github.com/aegisgatesecurity/aegisgate-rampart/internal/verify/cosign_simple.go:138.2,138.12 1 0
github.com/aegisgatesecurity/aegisgate-rampart/internal/verify/cosign_simple.go:142.31,145.2 2 0
github.com/aegisgatesecurity/aegisgate-rampart/internal/verify/cosign_simple.go:148.41,150.16 2 0
github.com/aegisgatesecurity/aegisgate-rampart/internal/verify/cosign_simple.go:150.16,152.3 1 0
github.com/aegisgatesecurity/aegisgate-rampart/internal/verify/cosign_simple.go:154.2,159.16 5 0
github.com/aegisgatesecurity/aegisgate-rampart/internal/verify/cosign_simple.go:159.16,161.3 1 0
github.com/aegisgatesecurity/aegisgate-rampart/internal/verify/cosign_simple.go:163.2,163.48 1 0
github.com/aegisgatesecurity/aegisgate-rampart/internal/verify/verify.go:65.45,70.2 1 12
github.com/aegisgatesecurity/aegisgate-rampart/internal/verify/verify.go:73.48,75.2 1 3
github.com/aegisgatesecurity/aegisgate-rampart/internal/verify/verify.go:80.93,88.16 3 5
github.com/aegisgatesecurity/aegisgate-rampart/internal/verify/verify.go:88.16,91.3 2 1
github.com/aegisgatesecurity/aegisgate-rampart/internal/verify/verify.go:92.2,96.16 3 4
github.com/aegisgatesecurity/aegisgate-rampart/internal/verify/verify.go:96.16,99.3 2 0
github.com/aegisgatesecurity/aegisgate-rampart/internal/verify/verify.go:100.2,104.16 3 4
github.com/aegisgatesecurity/aegisgate-rampart/internal/verify/verify.go:104.16,107.3 2 0
github.com/aegisgatesecurity/aegisgate-rampart/internal/verify/verify.go:108.2,111.50 2 4
github.com/aegisgatesecurity/aegisgate-rampart/internal/verify/verify.go:111.50,115.3 3 2
github.com/aegisgatesecurity/aegisgate-rampart/internal/verify/verify.go:117.2,118.20 2 2
github.com/aegisgatesecurity/aegisgate-rampart/internal/verify/verify.go:126.111,133.55 2 6
github.com/aegisgatesecurity/aegisgate-rampart/internal/verify/verify.go:133.55,136.3 2 0
github.com/aegisgatesecurity/aegisgate-rampart/internal/verify/verify.go:138.2,138.58 1 6
github.com/aegisgatesecurity/aegisgate-rampart/internal/verify/verify.go:138.58,141.3 2 1
github.com/aegisgatesecurity/aegisgate-rampart/internal/verify/verify.go:143.2,143.58 1 5
github.com/aegisgatesecurity/aegisgate-rampart/internal/verify/verify.go:143.58,146.3 2 1
github.com/aegisgatesecurity/aegisgate-rampart/internal/verify/verify.go:149.2,150.16 2 4
github.com/aegisgatesecurity/aegisgate-rampart/internal/verify/verify.go:150.16,153.3 2 0
github.com/aegisgatesecurity/aegisgate-rampart/internal/verify/verify.go:156.2,156.60 1 4
github.com/aegisgatesecurity/aegisgate-rampart/internal/verify/verify.go:156.60,159.3 2 1
github.com/aegisgatesecurity/aegisgate-rampart/internal/verify/verify.go:162.2,163.16 2 3
github.com/aegisgatesecurity/aegisgate-rampart/internal/verify/verify.go:163.16,166.3 2 0
github.com/aegisgatesecurity/aegisgate-rampart/internal/verify/verify.go:169.2,173.69 3 3
github.com/aegisgatesecurity/aegisgate-rampart/internal/verify/verify.go:173.69,176.3 2 1
github.com/aegisgatesecurity/aegisgate-rampart/internal/verify/verify.go:184.2,185.20 2 2
github.com/aegisgatesecurity/aegisgate-rampart/internal/verify/verify.go:189.126,197.16 3 2
github.com/aegisgatesecurity/aegisgate-rampart/internal/verify/verify.go:197.16,200.3 2 1
github.com/aegisgatesecurity/aegisgate-rampart/internal/verify/verify.go:201.2,203.27 2 1
github.com/aegisgatesecurity/aegisgate-rampart/internal/verify/verify.go:203.27,206.3 2 0
github.com/aegisgatesecurity/aegisgate-rampart/internal/verify/verify.go:209.2,209.48 1 1
github.com/aegisgatesecurity/aegisgate-rampart/internal/verify/verify.go:209.48,211.17 2 1
github.com/aegisgatesecurity/aegisgate-rampart/internal/verify/verify.go:211.17,212.20 1 0
github.com/aegisgatesecurity/aegisgate-rampart/internal/verify/verify.go:212.20,215.5 2 0
github.com/aegisgatesecurity/aegisgate-rampart/internal/verify/verify.go:216.4,216.101 1 0
github.com/aegisgatesecurity/aegisgate-rampart/internal/verify/verify.go:218.3,219.35 2 1
github.com/aegisgatesecurity/aegisgate-rampart/internal/verify/verify.go:222.2,222.20 1 1
github.com/aegisgatesecurity/aegisgate-rampart/internal/verify/verify.go:233.121,255.2 7 0
github.com/aegisgatesecurity/aegisgate-rampart/internal/verify/verify.go:259.86,261.21 2 8
github.com/aegisgatesecurity/aegisgate-rampart/internal/verify/verify.go:261.21,263.49 2 10
github.com/aegisgatesecurity/aegisgate-rampart/internal/verify/verify.go:263.49,264.12 1 1
github.com/aegisgatesecurity/aegisgate-rampart/internal/verify/verify.go:268.3,269.21 2 9
github.com/aegisgatesecurity/aegisgate-rampart/internal/verify/verify.go:269.21,270.12 1 0
github.com/aegisgatesecurity/aegisgate-rampart/internal/verify/verify.go:273.3,281.99 5 9
github.com/aegisgatesecurity/aegisgate-rampart/internal/verify/verify.go:281.99,283.4 1 8
github.com/aegisgatesecurity/aegisgate-rampart/internal/verify/verify.go:286.2,286.38 1 0
github.com/aegisgatesecurity/aegisgate-rampart/internal/verify/verify.go:286.38,288.3 1 0
github.com/aegisgatesecurity/aegisgate-rampart/internal/verify/verify.go:290.2,290.74 1 0
github.com/aegisgatesecurity/aegisgate-rampart/internal/verify/verify.go:293.53,295.16 2 5
github.com/aegisgatesecurity/aegisgate-rampart/internal/verify/verify.go:295.16,297.3 1 0
github.com/aegisgatesecurity/aegisgate-rampart/internal/verify/verify.go:298.2,301.47 3 5
github.com/aegisgatesecurity/aegisgate-rampart/internal/verify/verify.go:301.47,303.3 1 0
github.com/aegisgatesecurity/aegisgate-rampart/internal/verify/verify.go:305.2,305.47 1 5
github.com/aegisgatesecurity/aegisgate-rampart/internal/verify/verify.go:308.54,311.16 2 4
github.com/aegisgatesecurity/aegisgate-rampart/internal/verify/verify.go:311.16,313.3 1 1
github.com/aegisgatesecurity/aegisgate-rampart/internal/verify/verify.go:314.2,314.21 1 3
github.com/aegisgatesecurity/aegisgate-rampart/internal/verify/verify.go:317.45,319.68 1 7
github.com/aegisgatesecurity/aegisgate-rampart/internal/verify/verify.go:319.68,321.3 1 5
github.com/aegisgatesecurity/aegisgate-rampart/internal/verify/verify.go:323.2,323.68 1 2
github.com/aegisgatesecurity/aegisgate-rampart/internal/verify/verify.go:323.68,325.3 1 0
github.com/aegisgatesecurity/aegisgate-rampart/internal/verify/verify.go:326.2,326.51 1 2
github.com/aegisgatesecurity/aegisgate-rampart/internal/verify/verify.go:329.45,333.29 2 5
github.com/aegisgatesecurity/aegisgate-rampart/internal/verify/verify.go:333.29,334.43 1 5
github.com/aegisgatesecurity/aegisgate-rampart/internal/verify/verify.go:334.43,336.4 1 4
github.com/aegisgatesecurity/aegisgate-rampart/internal/verify/verify.go:339.2,340.37 2 1
github.com/aegisgatesecurity/aegisgate-rampart/pkg/config/config.go:109.30,145.2 1 33
github.com/aegisgatesecurity/aegisgate-rampart/pkg/config/config.go:151.38,191.2 1 37
github.com/aegisgatesecurity/aegisgate-rampart/pkg/config/config.go:194.26,196.2 1 1
github.com/aegisgatesecurity/aegisgate-rampart/pkg/config/config.go:199.40,202.15 2 27
github.com/aegisgatesecurity/aegisgate-rampart/pkg/config/config.go:202.15,204.3 1 2
github.com/aegisgatesecurity/aegisgate-rampart/pkg/config/config.go:206.2,208.16 3 27
github.com/aegisgatesecurity/aegisgate-rampart/pkg/config/config.go:208.16,209.25 1 9
github.com/aegisgatesecurity/aegisgate-rampart/pkg/config/config.go:209.25,211.4 1 7
github.com/aegisgatesecurity/aegisgate-rampart/pkg/config/config.go:212.3,212.52 1 2
github.com/aegisgatesecurity/aegisgate-rampart/pkg/config/config.go:215.2,215.50 1 18
github.com/aegisgatesecurity/aegisgate-rampart/pkg/config/config.go:215.50,217.3 1 6
github.com/aegisgatesecurity/aegisgate-rampart/pkg/config/config.go:219.2,219.17 1 12
github.com/aegisgatesecurity/aegisgate-rampart/internal/ml/adversarial.go:65.59,74.2 1 2
github.com/aegisgatesecurity/aegisgate-rampart/internal/ml/adversarial.go:134.42,147.2 1 5
github.com/aegisgatesecurity/aegisgate-rampart/internal/ml/adversarial.go:150.111,151.20 1 5
github.com/aegisgatesecurity/aegisgate-rampart/internal/ml/adversarial.go:151.20,153.3 1 1
github.com/aegisgatesecurity/aegisgate-rampart/internal/ml/adversarial.go:155.2,161.22 4 4
github.com/aegisgatesecurity/aegisgate-rampart/internal/ml/adversarial.go:161.22,163.3 1 1
github.com/aegisgatesecurity/aegisgate-rampart/internal/ml/adversarial.go:166.2,175.26 4 4
github.com/aegisgatesecurity/aegisgate-rampart/internal/ml/adversarial.go:175.26,177.3 1 4
github.com/aegisgatesecurity/aegisgate-rampart/internal/ml/adversarial.go:178.2,178.25 1 4
github.com/aegisgatesecurity/aegisgate-rampart/internal/ml/adversarial.go:178.25,180.3 1 4
github.com/aegisgatesecurity/aegisgate-rampart/internal/ml/adversarial.go:181.2,181.29 1 4
github.com/aegisgatesecurity/aegisgate-rampart/internal/ml/adversarial.go:181.29,183.3 1 4
github.com/aegisgatesecurity/aegisgate-rampart/internal/ml/adversarial.go:186.2,188.20 2 4
github.com/aegisgatesecurity/aegisgate-rampart/internal/ml/adversarial.go:192.149,193.31 1 4
github.com/aegisgatesecurity/aegisgate-rampart/internal/ml/adversarial.go:193.31,204.15 5 22
github.com/aegisgatesecurity/aegisgate-rampart/internal/ml/adversarial.go:204.15,206.4 1 14
github.com/aegisgatesecurity/aegisgate-rampart/internal/ml/adversarial.go:208.2,208.8 1 4
github.com/aegisgatesecurity/aegisgate-rampart/internal/ml/adversarial.go:212.148,213.31 1 4
github.com/aegisgatesecurity/aegisgate-rampart/internal/ml/adversarial.go:213.31,215.50 2 22
github.com/aegisgatesecurity/aegisgate-rampart/internal/ml/adversarial.go:215.50,227.16 5 54
github.com/aegisgatesecurity/aegisgate-rampart/internal/ml/adversarial.go:227.16,229.5 1 31
github.com/aegisgatesecurity/aegisgate-rampart/internal/ml/adversarial.go:232.2,232.8 1 4
github.com/aegisgatesecurity/aegisgate-rampart/internal/ml/adversarial.go:236.132,248.31 2 4
github.com/aegisgatesecurity/aegisgate-rampart/internal/ml/adversarial.go:248.31,249.35 1 22
github.com/aegisgatesecurity/aegisgate-rampart/internal/ml/adversarial.go:249.35,260.16 5 110
github.com/aegisgatesecurity/aegisgate-rampart/internal/ml/adversarial.go:260.16,262.5 1 73
github.com/aegisgatesecurity/aegisgate-rampart/internal/ml/adversarial.go:265.2,265.8 1 4
github.com/aegisgatesecurity/aegisgate-rampart/internal/ml/adversarial.go:272.87,275.12 3 81
github.com/aegisgatesecurity/aegisgate-rampart/internal/ml/adversarial.go:275.12,277.3 1 1
github.com/aegisgatesecurity/aegisgate-rampart/internal/ml/adversarial.go:279.2,280.17 2 80
github.com/aegisgatesecurity/aegisgate-rampart/internal/ml/adversarial.go:280.17,282.3 1 2
github.com/aegisgatesecurity/aegisgate-rampart/internal/ml/adversarial.go:284.2,284.31 1 80
github.com/aegisgatesecurity/aegisgate-rampart/internal/ml/adversarial.go:284.31,285.22 1 460
github.com/aegisgatesecurity/aegisgate-rampart/internal/ml/adversarial.go:285.22,286.9 1 0
github.com/aegisgatesecurity/aegisgate-rampart/internal/ml/adversarial.go:288.3,290.17 3 460
github.com/aegisgatesecurity/aegisgate-rampart/internal/ml/adversarial.go:291.10,293.58 2 165
github.com/aegisgatesecurity/aegisgate-rampart/internal/ml/adversarial.go:294.10,296.105 2 156
github.com/aegisgatesecurity/aegisgate-rampart/internal/ml/adversarial.go:297.10,298.22 1 139
github.com/aegisgatesecurity/aegisgate-rampart/internal/ml/adversarial.go:298.22,300.5 1 138
github.com/aegisgatesecurity/aegisgate-rampart/internal/ml/adversarial.go:304.2,304.22 1 80
github.com/aegisgatesecurity/aegisgate-rampart/internal/ml/adversarial.go:309.69,317.26 3 23
github.com/aegisgatesecurity/aegisgate-rampart/internal/ml/adversarial.go:317.26,318.66 1 1318
github.com/aegisgatesecurity/aegisgate-rampart/internal/ml/adversarial.go:318.66,320.4 1 177
github.com/aegisgatesecurity/aegisgate-rampart/internal/ml/adversarial.go:322.2,322.22 1 23
github.com/aegisgatesecurity/aegisgate-rampart/internal/ml/adversarial.go:326.66,330.29 4 24
github.com/aegisgatesecurity/aegisgate-rampart/internal/ml/adversarial.go:330.29,331.44 1 213
github.com/aegisgatesecurity/aegisgate-rampart/internal/ml/adversarial.go:331.44,333.12 2 142
github.com/aegisgatesecurity/aegisgate-rampart/internal/ml/adversarial.go:335.3,337.46 3 71
github.com/aegisgatesecurity/aegisgate-rampart/internal/ml/adversarial.go:339.2,339.34 1 24
github.com/aegisgatesecurity/aegisgate-rampart/internal/ml/adversarial.go:343.67,346.25 3 23
github.com/aegisgatesecurity/aegisgate-rampart/internal/ml/adversarial.go:346.25,348.38 2 1292
github.com/aegisgatesecurity/aegisgate-rampart/internal/ml/adversarial.go:348.38,350.4 1 229
github.com/aegisgatesecurity/aegisgate-rampart/internal/ml/adversarial.go:352.2,352.23 1 23
github.com/aegisgatesecurity/aegisgate-rampart/internal/ml/adversarial.go:356.59,363.25 3 23
github.com/aegisgatesecurity/aegisgate-rampart/internal/ml/adversarial.go:363.25,364.63 1 1301
github.com/aegisgatesecurity/aegisgate-rampart/internal/ml/adversarial.go:364.63,366.4 1 59
github.com/aegisgatesecurity/aegisgate-rampart/internal/ml/adversarial.go:366.9,368.4 1 1242
github.com/aegisgatesecurity/aegisgate-rampart/internal/ml/adversarial.go:370.2,370.24 1 23
github.com/aegisgatesecurity/aegisgate-rampart/internal/ml/adversarial.go:374.62,376.21 2 24
github.com/aegisgatesecurity/aegisgate-rampart/internal/ml/adversarial.go:376.21,378.3 1 1
github.com/aegisgatesecurity/aegisgate-rampart/internal/ml/adversarial.go:380.2,381.29 2 23
github.com/aegisgatesecurity/aegisgate-rampart/internal/ml/adversarial.go:381.29,385.3 3 78
github.com/aegisgatesecurity/aegisgate-rampart/internal/ml/adversarial.go:386.2,386.33 1 23
github.com/aegisgatesecurity/aegisgate-rampart/internal/ml/adversarial.go:390.44,392.26 2 376
github.com/aegisgatesecurity/aegisgate-rampart/internal/ml/adversarial.go:392.26,394.3 1 374
github.com/aegisgatesecurity/aegisgate-rampart/internal/ml/adversarial.go:395.2,395.39 1 2
github.com/aegisgatesecurity/aegisgate-rampart/internal/ml/calibration.go:43.68,49.2 1 71
github.com/aegisgatesecurity/aegisgate-rampart/internal/ml/calibration.go:53.68,57.2 3 105
github.com/aegisgatesecurity/aegisgate-rampart/internal/ml/calibration.go:60.54,64.2 3 103
github.com/aegisgatesecurity/aegisgate-rampart/internal/ml/calibration.go:68.63,72.2 3 101
github.com/aegisgatesecurity/aegisgate-rampart/internal/ml/calibration.go:75.48,79.2 3 102
github.com/aegisgatesecurity/aegisgate-rampart/internal/ml/calibration.go:82.56,86.2 3 101
github.com/aegisgatesecurity/aegisgate-rampart/internal/ml/calibration.go:89.51,93.2 3 102
github.com/aegisgatesecurity/aegisgate-rampart/internal/ml/calibration.go:96.58,100.2 3 101
github.com/aegisgatesecurity/aegisgate-rampart/internal/ml/calibration.go:104.117,121.2 5 115
github.com/aegisgatesecurity/aegisgate-rampart/internal/ml/calibration.go:125.54,129.22 3 4
github.com/aegisgatesecurity/aegisgate-rampart/internal/ml/calibration.go:129.22,131.3 1 2
github.com/aegisgatesecurity/aegisgate-rampart/internal/ml/calibration.go:134.2,135.29 2 2
github.com/aegisgatesecurity/aegisgate-rampart/internal/ml/calibration.go:135.29,136.48 1 2
github.com/aegisgatesecurity/aegisgate-rampart/internal/ml/calibration.go:136.48,138.4 1 0
github.com/aegisgatesecurity/aegisgate-rampart/internal/ml/calibration.go:141.2,142.16 2 2
github.com/aegisgatesecurity/aegisgate-rampart/internal/ml/calibration.go:142.16,144.3 1 0
github.com/aegisgatesecurity/aegisgate-rampart/internal/ml/calibration.go:145.2,148.31 3 2
github.com/aegisgatesecurity/aegisgate-rampart/internal/ml/calibration.go:148.31,149.43 1 3
github.com/aegisgatesecurity/aegisgate-rampart/internal/ml/calibration.go:149.43,151.4 1 0
github.com/aegisgatesecurity/aegisgate-rampart/internal/ml/calibration.go:154.2,155.12 2 2
github.com/aegisgatesecurity/aegisgate-rampart/internal/ml/calibration.go:160.122,167.37 5 2
github.com/aegisgatesecurity/aegisgate-rampart/internal/ml/calibration.go:167.37,169.23 2 6
github.com/aegisgatesecurity/aegisgate-rampart/internal/ml/calibration.go:169.23,171.4 1 2
github.com/aegisgatesecurity/aegisgate-rampart/internal/ml/calibration.go:172.3,172.35 1 6
github.com/aegisgatesecurity/aegisgate-rampart/internal/ml/calibration.go:172.35,174.4 1 2
github.com/aegisgatesecurity/aegisgate-rampart/internal/ml/calibration.go:177.2,181.21 3 2
github.com/aegisgatesecurity/aegisgate-rampart/internal/ml/calibration.go:181.21,183.3 1 1
github.com/aegisgatesecurity/aegisgate-rampart/internal/ml/calibration.go:185.2,201.15 4 2
github.com/aegisgatesecurity/aegisgate-rampart/internal/ml/calibration.go:205.65,215.2 3 2
github.com/aegisgatesecurity/aegisgate-rampart/internal/ml/calibration.go:223.103,224.23 1 4
github.com/aegisgatesecurity/aegisgate-rampart/internal/ml/calibration.go:224.23,226.3 1 1
github.com/aegisgatesecurity/aegisgate-rampart/internal/ml/calibration.go:228.2,229.28 2 3
github.com/aegisgatesecurity/aegisgate-rampart/internal/ml/calibration.go:229.28,232.10 3 9
github.com/aegisgatesecurity/aegisgate-rampart/internal/ml/calibration.go:233.28,234.8 1 4
github.com/aegisgatesecurity/aegisgate-rampart/internal/ml/calibration.go:235.30,236.8 1 3
github.com/aegisgatesecurity/aegisgate-rampart/internal/ml/calibration.go:237.29,238.8 1 2
github.com/aegisgatesecurity/aegisgate-rampart/internal/ml/calibration.go:239.29,240.8 1 0
github.com/aegisgatesecurity/aegisgate-rampart/internal/ml/calibration.go:244.2,262.3 5 3
github.com/aegisgatesecurity/aegisgate-rampart/internal/ml/calibration.go:268.95,273.9 4 9
github.com/aegisgatesecurity/aegisgate-rampart/internal/ml/calibration.go:274.35,275.36 1 4
github.com/aegisgatesecurity/aegisgate-rampart/internal/ml/calibration.go:276.37,277.36 1 2
github.com/aegisgatesecurity/aegisgate-rampart/internal/ml/calibration.go:278.36,279.37 1 2
github.com/aegisgatesecurity/aegisgate-rampart/internal/ml/calibration.go:280.36,281.37 1 1
github.com/aegisgatesecurity/aegisgate-rampart/internal/ml/calibration.go:283.2,297.91 7 9
github.com/aegisgatesecurity/aegisgate-rampart/internal/ml/calibration.go:302.65,306.2 3 8
github.com/aegisgatesecurity/aegisgate-rampart/internal/ml/calibration.go:310.53,318.2 3 1
github.com/aegisgatesecurity/aegisgate-rampart/internal/ml/calibration.go:321.36,322.12 1 51
github.com/aegisgatesecurity/aegisgate-rampart/internal/ml/calibration.go:322.12,324.3 1 4
github.com/aegisgatesecurity/aegisgate-rampart/internal/ml/calibration.go:325.2,325.14 1 47
github.com/aegisgatesecurity/aegisgate-rampart/internal/ml/calibration.go:329.48,330.27 1 15
github.com/aegisgatesecurity/aegisgate-rampart/internal/ml/calibration.go:330.27,332.3 1 2
github.com/aegisgatesecurity/aegisgate-rampart/internal/ml/calibration.go:333.2,333.54 1 13
github.com/aegisgatesecurity/aegisgate-rampart/internal/ml/calibration.go:339.95,340.23 1 5
github.com/aegisgatesecurity/aegisgate-rampart/internal/ml/calibration.go:340.23,342.3 1 1
github.com/aegisgatesecurity/aegisgate-rampart/internal/ml/calibration.go:345.2,346.28 2 4
github.com/aegisgatesecurity/aegisgate-rampart/internal/ml/calibration.go:346.28,348.3 1 13
github.com/aegisgatesecurity/aegisgate-rampart/internal/ml/calibration.go:349.2,350.30 2 4
github.com/aegisgatesecurity/aegisgate-rampart/internal/ml/calibration.go:350.30,352.3 1 12
github.com/aegisgatesecurity/aegisgate-rampart/internal/ml/calibration.go:356.2,368.28 7 4
github.com/aegisgatesecurity/aegisgate-rampart/internal/ml/calibration.go:368.28,369.24 1 13
github.com/aegisgatesecurity/aegisgate-rampart/internal/ml/calibration.go:369.24,371.4 1 6
github.com/aegisgatesecurity/aegisgate-rampart/internal/ml/calibration.go:371.9,373.4 1 7
github.com/aegisgatesecurity/aegisgate-rampart/internal/ml/calibration.go:376.2,376.32 1 4
github.com/aegisgatesecurity/aegisgate-rampart/internal/ml/calibration.go:376.32,378.3 1 0
github.com/aegisgatesecurity/aegisgate-rampart/internal/ml/calibration.go:380.2,380.36 1 4
github.com/aegisgatesecurity/aegisgate-rampart/internal/ml/calibration.go:380.36,382.29 2 12
github.com/aegisgatesecurity/aegisgate-rampart/internal/ml/calibration.go:382.29,385.27 3 42
github.com/aegisgatesecurity/aegisgate-rampart/internal/ml/calibration.go:385.27,387.5 1 18
github.com/aegisgatesecurity/aegisgate-rampart/internal/ml/calibration.go:388.4,388.28 1 42
github.com/aegisgatesecurity/aegisgate-rampart/internal/ml/calibration.go:388.28,390.5 1 10
github.com/aegisgatesecurity/aegisgate-rampart/internal/ml/calibration.go:392.3,394.43 3 12
github.com/aegisgatesecurity/aegisgate-rampart/internal/ml/calibration.go:398.2,402.35 3 4
github.com/aegisgatesecurity/aegisgate-rampart/internal/ml/calibration.go:402.35,406.3 3 16
github.com/aegisgatesecurity/aegisgate-rampart/internal/ml/calibration.go:409.2,409.15 1 4
github.com/aegisgatesecurity/aegisgate-rampart/internal/ml/calibration.go:409.15,411.3 1 0
github.com/aegisgatesecurity/aegisgate-rampart/internal/ml/calibration.go:412.2,412.15 1 4
github.com/aegisgatesecurity/aegisgate-rampart/internal/ml/calibration.go:412.15,414.3 1 0
github.com/aegisgatesecurity/aegisgate-rampart/internal/ml/calibration.go:416.2,416.14 1 4
github.com/aegisgatesecurity/aegisgate-rampart/internal/ml/calibration.go:420.32,421.30 1 1
github.com/aegisgatesecurity/aegisgate-rampart/internal/ml/calibration.go:421.30,424.28 3 4
github.com/aegisgatesecurity/aegisgate-rampart/internal/ml/calibration.go:424.28,427.4 2 5
github.com/aegisgatesecurity/aegisgate-rampart/internal/ml/calibration.go:428.3,428.15 1 4
github.com/aegisgatesecurity/aegisgate-rampart/internal/ml/calibration.go:433.36,434.30 1 5
github.com/aegisgatesecurity/aegisgate-rampart/internal/ml/calibration.go:434.30,437.28 3 12
github.com/aegisgatesecurity/aegisgate-rampart/internal/ml/calibration.go:437.28,440.4 2 9
github.com/aegisgatesecurity/aegisgate-rampart/internal/ml/calibration.go:441.3,441.15 1 12
github.com/aegisgatesecurity/aegisgate-rampart/internal/ml/detector.go:54.60,55.32 1 49
github.com/aegisgatesecurity/aegisgate-rampart/internal/ml/detector.go:55.32,57.3 1 11
github.com/aegisgatesecurity/aegisgate-rampart/internal/ml/detector.go:58.2,58.22 1 49
github.com/aegisgatesecurity/aegisgate-rampart/internal/ml/detector.go:58.22,60.3 1 11
github.com/aegisgatesecurity/aegisgate-rampart/internal/ml/detector.go:62.2,70.11 2 49
github.com/aegisgatesecurity/aegisgate-rampart/internal/ml/detector.go:74.59,78.49 3 7
github.com/aegisgatesecurity/aegisgate-rampart/internal/ml/detector.go:78.49,86.3 1 0
github.com/aegisgatesecurity/aegisgate-rampart/internal/ml/detector.go:88.2,100.26 5 7
github.com/aegisgatesecurity/aegisgate-rampart/internal/ml/detector.go:100.26,103.3 2 7
github.com/aegisgatesecurity/aegisgate-rampart/internal/ml/detector.go:105.2,105.15 1 7
github.com/aegisgatesecurity/aegisgate-rampart/internal/ml/detector.go:109.68,116.49 5 11
github.com/aegisgatesecurity/aegisgate-rampart/internal/ml/detector.go:116.49,124.3 1 1
github.com/aegisgatesecurity/aegisgate-rampart/internal/ml/detector.go:126.2,126.29 1 10
github.com/aegisgatesecurity/aegisgate-rampart/internal/ml/detector.go:126.29,129.24 3 19
github.com/aegisgatesecurity/aegisgate-rampart/internal/ml/detector.go:129.24,132.4 2 2
github.com/aegisgatesecurity/aegisgate-rampart/internal/ml/detector.go:133.3,133.35 1 19
github.com/aegisgatesecurity/aegisgate-rampart/internal/ml/detector.go:133.35,134.9 1 0
github.com/aegisgatesecurity/aegisgate-rampart/internal/ml/detector.go:138.2,149.26 4 10
github.com/aegisgatesecurity/aegisgate-rampart/internal/ml/detector.go:149.26,152.3 2 3
github.com/aegisgatesecurity/aegisgate-rampart/internal/ml/detector.go:154.2,154.15 1 10
github.com/aegisgatesecurity/aegisgate-rampart/internal/ml/detector.go:159.62,161.15 1 27
github.com/aegisgatesecurity/aegisgate-rampart/internal/ml/detector.go:161.15,162.49 1 0
github.com/aegisgatesecurity/aegisgate-rampart/internal/ml/detector.go:162.49,164.4 1 0
github.com/aegisgatesecurity/aegisgate-rampart/internal/ml/detector.go:166.2,166.35 1 27
github.com/aegisgatesecurity/aegisgate-rampart/internal/ml/detector.go:170.67,172.20 2 29
github.com/aegisgatesecurity/aegisgate-rampart/internal/ml/detector.go:172.20,174.3 1 2
github.com/aegisgatesecurity/aegisgate-rampart/internal/ml/detector.go:176.2,182.35 4 27
github.com/aegisgatesecurity/aegisgate-rampart/internal/ml/detector.go:182.35,183.39 1 540
github.com/aegisgatesecurity/aegisgate-rampart/internal/ml/detector.go:183.39,185.4 1 4
github.com/aegisgatesecurity/aegisgate-rampart/internal/ml/detector.go:187.2,187.35 1 27
github.com/aegisgatesecurity/aegisgate-rampart/internal/ml/detector.go:187.35,188.38 1 540
github.com/aegisgatesecurity/aegisgate-rampart/internal/ml/detector.go:188.38,190.4 1 0
github.com/aegisgatesecurity/aegisgate-rampart/internal/ml/detector.go:192.2,192.35 1 27
github.com/aegisgatesecurity/aegisgate-rampart/internal/ml/detector.go:192.35,193.40 1 540
github.com/aegisgatesecurity/aegisgate-rampart/internal/ml/detector.go:193.40,195.4 1 0
github.com/aegisgatesecurity/aegisgate-rampart/internal/ml/detector.go:198.2,198.17 1 27
github.com/aegisgatesecurity/aegisgate-rampart/internal/ml/detector.go:198.17,200.3 1 0
github.com/aegisgatesecurity/aegisgate-rampart/internal/ml/detector.go:201.2,201.14 1 27
github.com/aegisgatesecurity/aegisgate-rampart/internal/ml/detector.go:206.56,211.46 4 1
github.com/aegisgatesecurity/aegisgate-rampart/internal/ml/detector.go:211.46,213.3 1 1
github.com/aegisgatesecurity/aegisgate-rampart/internal/ml/detector.go:215.2,215.36 1 0
github.com/aegisgatesecurity/aegisgate-rampart/internal/ml/detector.go:219.41,223.16 3 5
github.com/aegisgatesecurity/aegisgate-rampart/internal/ml/detector.go:223.16,225.3 1 5
github.com/aegisgatesecurity/aegisgate-rampart/internal/ml/detector.go:227.2,228.23 2 0
github.com/aegisgatesecurity/aegisgate-rampart/internal/ml/detector.go:232.63,234.2 1 5
github.com/aegisgatesecurity/aegisgate-rampart/internal/ml/detector.go:237.44,241.2 3 15
github.com/aegisgatesecurity/aegisgate-rampart/internal/ml/detector.go:244.61,257.2 3 15
github.com/aegisgatesecurity/aegisgate-rampart/internal/ml/detector.go:263.46,264.19 1 540
github.com/aegisgatesecurity/aegisgate-rampart/internal/ml/detector.go:264.19,266.3 1 0
github.com/aegisgatesecurity/aegisgate-rampart/internal/ml/detector.go:267.2,267.35 1 540
github.com/aegisgatesecurity/aegisgate-rampart/internal/ml/detector.go:267.35,269.30 2 2778
github.com/aegisgatesecurity/aegisgate-rampart/internal/ml/detector.go:269.30,271.4 1 4
github.com/aegisgatesecurity/aegisgate-rampart/internal/ml/detector.go:273.2,273.14 1 536
github.com/aegisgatesecurity/aegisgate-rampart/internal/ml/detector.go:276.45,279.25 3 540
github.com/aegisgatesecurity/aegisgate-rampart/internal/ml/detector.go:279.25,280.45 1 3321
github.com/aegisgatesecurity/aegisgate-rampart/internal/ml/detector.go:280.45,282.4 1 2268
github.com/aegisgatesecurity/aegisgate-rampart/internal/ml/detector.go:284.2,284.58 1 540
github.com/aegisgatesecurity/aegisgate-rampart/internal/ml/detector.go:284.58,286.3 1 0
github.com/aegisgatesecurity/aegisgate-rampart/internal/ml/detector.go:287.2,287.14 1 540
github.com/aegisgatesecurity/aegisgate-rampart/internal/ml/detector.go:290.47,292.52 2 542
github.com/aegisgatesecurity/aegisgate-rampart/internal/ml/detector.go:292.52,294.3 1 1
github.com/aegisgatesecurity/aegisgate-rampart/internal/ml/detector.go:295.2,295.14 1 541
github.com/aegisgatesecurity/aegisgate-rampart/internal/ml/detector.go:298.31,300.54 2 825
github.com/aegisgatesecurity/aegisgate-rampart/internal/ml/detector.go:300.54,302.3 1 2389
github.com/aegisgatesecurity/aegisgate-rampart/internal/ml/detector.go:303.2,303.22 1 825
github.com/aegisgatesecurity/aegisgate-rampart/internal/ml/detector.go:306.38,308.2 1 8471
github.com/aegisgatesecurity/aegisgate-rampart/internal/ml/detector.go:310.42,311.43 1 8328
github.com/aegisgatesecurity/aegisgate-rampart/internal/ml/detector.go:311.43,312.35 1 133385
github.com/aegisgatesecurity/aegisgate-rampart/internal/ml/detector.go:312.35,314.4 1 1615
github.com/aegisgatesecurity/aegisgate-rampart/internal/ml/detector.go:316.2,316.14 1 6713
github.com/aegisgatesecurity/aegisgate-rampart/internal/ml/detector.go:319.31,321.22 2 33
github.com/aegisgatesecurity/aegisgate-rampart/internal/ml/detector.go:321.22,322.27 1 1164
github.com/aegisgatesecurity/aegisgate-rampart/internal/ml/detector.go:322.27,324.4 1 1
github.com/aegisgatesecurity/aegisgate-rampart/internal/ml/detector.go:324.9,326.4 1 1163
github.com/aegisgatesecurity/aegisgate-rampart/internal/ml/detector.go:328.2,328.18 1 33
github.com/aegisgatesecurity/aegisgate-rampart/internal/ml/detector_onnx_methods.go:27.34,29.2 1 49
github.com/aegisgatesecurity/aegisgate-rampart/internal/ml/detector_onnx_methods.go:51.55,53.22 1 0
github.com/aegisgatesecurity/aegisgate-rampart/internal/ml/detector_onnx_methods.go:53.22,54.48 1 0
github.com/aegisgatesecurity/aegisgate-rampart/internal/ml/detector_onnx_methods.go:54.48,56.4 1 0
github.com/aegisgatesecurity/aegisgate-rampart/internal/ml/detector_onnx_methods.go:60.2,60.76 1 0
github.com/aegisgatesecurity/aegisgate-rampart/internal/ml/detector_onnx_methods.go:60.76,61.45 1 0
github.com/aegisgatesecurity/aegisgate-rampart/internal/ml/detector_onnx_methods.go:61.45,63.4 1 0
github.com/aegisgatesecurity/aegisgate-rampart/internal/ml/detector_onnx_methods.go:67.2,68.19 2 0
github.com/aegisgatesecurity/aegisgate-rampart/internal/ml/detector_onnx_methods.go:68.19,77.31 2 0
github.com/aegisgatesecurity/aegisgate-rampart/internal/ml/detector_onnx_methods.go:77.31,78.40 1 0
github.com/aegisgatesecurity/aegisgate-rampart/internal/ml/detector_onnx_methods.go:78.40,80.5 1 0
github.com/aegisgatesecurity/aegisgate-rampart/internal/ml/detector_onnx_methods.go:85.2,85.43 1 0
github.com/aegisgatesecurity/aegisgate-rampart/internal/ml/detector_onnx_methods.go:85.43,86.39 1 0
github.com/aegisgatesecurity/aegisgate-rampart/internal/ml/detector_onnx_methods.go:86.39,88.4 1 0
github.com/aegisgatesecurity/aegisgate-rampart/internal/ml/detector_onnx_methods.go:91.2,91.11 1 0
github.com/aegisgatesecurity/aegisgate-rampart/internal/ml/detector_onnx_methods.go:95.60,98.19 2 0
github.com/aegisgatesecurity/aegisgate-rampart/internal/ml/detector_onnx_methods.go:98.19,100.3 1 0
github.com/aegisgatesecurity/aegisgate-rampart/internal/ml/detector_onnx_methods.go:102.2,102.34 1 0
github.com/aegisgatesecurity/aegisgate-rampart/internal/ml/detector_onnx_methods.go:102.34,103.61 1 0
github.com/aegisgatesecurity/aegisgate-rampart/internal/ml/detector_onnx_methods.go:103.61,105.4 1 0
github.com/aegisgatesecurity/aegisgate-rampart/internal/ml/detector_onnx_methods.go:108.2,109.16 2 0
github.com/aegisgatesecurity/aegisgate-rampart/internal/ml/detector_onnx_methods.go:109.16,111.3 1 0
github.com/aegisgatesecurity/aegisgate-rampart/internal/ml/detector_onnx_methods.go:113.2,116.16 4 0
github.com/aegisgatesecurity/aegisgate-rampart/internal/ml/detector_onnx_methods.go:116.16,118.3 1 0
github.com/aegisgatesecurity/aegisgate-rampart/internal/ml/detector_onnx_methods.go:120.2,123.16 4 0
github.com/aegisgatesecurity/aegisgate-rampart/internal/ml/detector_onnx_methods.go:123.16,126.3 2 0
github.com/aegisgatesecurity/aegisgate-rampart/internal/ml/detector_onnx_methods.go:128.2,136.16 2 0
github.com/aegisgatesecurity/aegisgate-rampart/internal/ml/detector_onnx_methods.go:136.16,140.3 3 0
github.com/aegisgatesecurity/aegisgate-rampart/internal/ml/detector_onnx_methods.go:143.2,151.12 7 0
github.com/aegisgatesecurity/aegisgate-rampart/internal/ml/detector_onnx_methods.go:155.74,156.28 1 0
github.com/aegisgatesecurity/aegisgate-rampart/internal/ml/detector_onnx_methods.go:156.28,158.3 1 0
github.com/aegisgatesecurity/aegisgate-rampart/internal/ml/detector_onnx_methods.go:160.2,162.46 2 0
github.com/aegisgatesecurity/aegisgate-rampart/internal/ml/detector_onnx_methods.go:162.46,164.3 1 0
github.com/aegisgatesecurity/aegisgate-rampart/internal/ml/detector_onnx_methods.go:166.2,167.26 2 0
github.com/aegisgatesecurity/aegisgate-rampart/internal/ml/detector_onnx_methods.go:167.26,169.16 2 0
github.com/aegisgatesecurity/aegisgate-rampart/internal/ml/detector_onnx_methods.go:169.16,171.4 1 0
github.com/aegisgatesecurity/aegisgate-rampart/internal/ml/detector_onnx_methods.go:172.3,172.16 1 0
github.com/aegisgatesecurity/aegisgate-rampart/internal/ml/detector_onnx_methods.go:172.16,174.4 1 0
github.com/aegisgatesecurity/aegisgate-rampart/internal/ml/detector_onnx_methods.go:175.3,175.21 1 0
github.com/aegisgatesecurity/aegisgate-rampart/internal/ml/detector_onnx_methods.go:178.2,178.17 1 0
github.com/aegisgatesecurity/aegisgate-rampart/internal/ml/detector_onnx_methods.go:182.45,185.28 2 0
[...]
github.com/aegisgatesecurity/aegisgate-rampart/pkg/proxy/proxy.go:1021.62,1022.18 1 25
github.com/aegisgatesecurity/aegisgate-rampart/pkg/proxy/proxy.go:1023.18,1024.26 1 11
github.com/aegisgatesecurity/aegisgate-rampart/pkg/proxy/proxy.go:1025.14,1026.26 1 3
github.com/aegisgatesecurity/aegisgate-rampart/pkg/proxy/proxy.go:1027.16,1028.29 1 5
github.com/aegisgatesecurity/aegisgate-rampart/pkg/proxy/proxy.go:1029.13,1030.28 1 4
github.com/aegisgatesecurity/aegisgate-rampart/pkg/proxy/proxy.go:1031.10,1032.26 1 2
github.com/aegisgatesecurity/aegisgate-rampart/pkg/proxy/proxy.go:1037.31,1038.7 1 13
github.com/aegisgatesecurity/aegisgate-rampart/pkg/proxy/proxy.go:1038.7,1040.3 1 3
github.com/aegisgatesecurity/aegisgate-rampart/pkg/proxy/proxy.go:1041.2,1041.19 1 10
github.com/aegisgatesecurity/aegisgate-rampart/pkg/proxy/proxy.go:1046.81,1050.2 1 5
github.com/aegisgatesecurity/aegisgate-rampart/pkg/proxy/proxy.go:1053.124,1055.20 2 3
github.com/aegisgatesecurity/aegisgate-rampart/pkg/proxy/proxy.go:1055.20,1057.3 1 0
github.com/aegisgatesecurity/aegisgate-rampart/pkg/proxy/proxy.go:1059.2,1087.35 4 3
github.com/aegisgatesecurity/aegisgate-rampart/pkg/proxy/proxy.go:1087.35,1089.36 2 2
github.com/aegisgatesecurity/aegisgate-rampart/pkg/proxy/proxy.go:1089.36,1097.4 1 3
github.com/aegisgatesecurity/aegisgate-rampart/pkg/proxy/proxy.go:1101.2,1102.35 2 3
github.com/aegisgatesecurity/aegisgate-rampart/pkg/proxy/proxy.go:1102.35,1103.53 1 4
github.com/aegisgatesecurity/aegisgate-rampart/pkg/proxy/proxy.go:1103.53,1105.4 1 3
github.com/aegisgatesecurity/aegisgate-rampart/pkg/proxy/proxy.go:1107.2,1110.13 3 3
github.com/aegisgatesecurity/aegisgate-rampart/pkg/proxy/proxy.go:1115.73,1116.33 1 41
github.com/aegisgatesecurity/aegisgate-rampart/pkg/proxy/proxy.go:1116.33,1119.3 2 4
github.com/aegisgatesecurity/aegisgate-rampart/pkg/proxy/proxy.go:1122.2,1122.28 1 37
github.com/aegisgatesecurity/aegisgate-rampart/pkg/proxy/proxy.go:1122.28,1125.3 2 9
github.com/aegisgatesecurity/aegisgate-rampart/pkg/proxy/proxy.go:1128.2,1132.16 4 28
github.com/aegisgatesecurity/aegisgate-rampart/pkg/proxy/proxy.go:1132.16,1135.3 2 1
github.com/aegisgatesecurity/aegisgate-rampart/pkg/proxy/proxy.go:1136.2,1141.51 3 27
github.com/aegisgatesecurity/aegisgate-rampart/pkg/proxy/proxy.go:1141.51,1144.3 2 4
github.com/aegisgatesecurity/aegisgate-rampart/pkg/proxy/proxy.go:1146.2,1147.16 2 23
github.com/aegisgatesecurity/aegisgate-rampart/pkg/proxy/proxy.go:1147.16,1150.3 2 0
github.com/aegisgatesecurity/aegisgate-rampart/pkg/proxy/proxy.go:1153.2,1153.32 1 23
github.com/aegisgatesecurity/aegisgate-rampart/pkg/proxy/proxy.go:1153.32,1156.25 3 12
github.com/aegisgatesecurity/aegisgate-rampart/pkg/proxy/proxy.go:1156.25,1158.4 1 0
github.com/aegisgatesecurity/aegisgate-rampart/pkg/proxy/proxy.go:1159.3,1162.64 2 12
github.com/aegisgatesecurity/aegisgate-rampart/pkg/proxy/proxy.go:1162.64,1165.4 2 6
github.com/aegisgatesecurity/aegisgate-rampart/pkg/proxy/proxy.go:1168.2,1169.39 2 17
github.com/aegisgatesecurity/aegisgate-rampart/pkg/proxy/proxy.go:1174.72,1176.28 1 21
github.com/aegisgatesecurity/aegisgate-rampart/pkg/proxy/proxy.go:1176.28,1179.3 2 13
github.com/aegisgatesecurity/aegisgate-rampart/pkg/proxy/proxy.go:1181.2,1182.45 2 8
github.com/aegisgatesecurity/aegisgate-rampart/pkg/proxy/proxy.go:1187.73,1190.2 2 1
github.com/aegisgatesecurity/aegisgate-rampart/pkg/proxy/proxy.go:1194.72,1200.20 5 1
github.com/aegisgatesecurity/aegisgate-rampart/pkg/proxy/proxy.go:1200.20,1202.3 1 0
github.com/aegisgatesecurity/aegisgate-rampart/pkg/proxy/proxy.go:1204.2,1206.20 3 1
github.com/aegisgatesecurity/aegisgate-rampart/pkg/proxy/proxy.go:1206.20,1208.3 1 0
github.com/aegisgatesecurity/aegisgate-rampart/pkg/proxy/proxy.go:1209.2,1214.4 2 1
github.com/aegisgatesecurity/aegisgate-rampart/pkg/proxy/stats_lens_integration.go:41.76,48.36 4 5
github.com/aegisgatesecurity/aegisgate-rampart/pkg/proxy/stats_lens_integration.go:48.36,51.3 2 1
github.com/aegisgatesecurity/aegisgate-rampart/pkg/proxy/stats_lens_integration.go:53.2,53.32 1 4
github.com/aegisgatesecurity/aegisgate-rampart/pkg/proxy/stats_lens_integration.go:53.32,56.3 2 1
github.com/aegisgatesecurity/aegisgate-rampart/pkg/proxy/stats_lens_integration.go:59.2,59.28 1 3
github.com/aegisgatesecurity/aegisgate-rampart/pkg/proxy/stats_lens_integration.go:59.28,62.3 2 1
github.com/aegisgatesecurity/aegisgate-rampart/pkg/proxy/stats_lens_integration.go:65.2,78.61 4 2
github.com/aegisgatesecurity/aegisgate-rampart/pkg/proxy/stats_lens_integration.go:78.61,81.3 2 0
github.com/aegisgatesecurity/aegisgate-rampart/pkg/proxy/stats_lens_integration.go:85.60,92.2 3 3
github.com/aegisgatesecurity/aegisgate-rampart/pkg/proxy/stats_lens_integration.go:96.65,102.2 1 3
github.com/aegisgatesecurity/aegisgate-rampart/pkg/proxy/stats_lens_integration.go:105.50,111.2 3 2
github.com/aegisgatesecurity/aegisgate-rampart/pkg/proxy/stats_lens_integration.go:114.45,120.2 3 2
github.com/aegisgatesecurity/aegisgate-rampart/pkg/detector/detector.go:52.30,64.2 1 37
github.com/aegisgatesecurity/aegisgate-rampart/pkg/detector/detector.go:67.42,68.16 1 50
github.com/aegisgatesecurity/aegisgate-rampart/pkg/detector/detector.go:68.16,70.3 1 1
github.com/aegisgatesecurity/aegisgate-rampart/pkg/detector/detector.go:72.2,87.18 3 50
github.com/aegisgatesecurity/aegisgate-rampart/pkg/detector/detector.go:87.18,98.61 3 3
github.com/aegisgatesecurity/aegisgate-rampart/pkg/detector/detector.go:98.61,101.4 1 3
github.com/aegisgatesecurity/aegisgate-rampart/pkg/detector/detector.go:101.9,104.4 2 0
github.com/aegisgatesecurity/aegisgate-rampart/pkg/detector/detector.go:107.2,107.15 1 50
github.com/aegisgatesecurity/aegisgate-rampart/pkg/detector/detector.go:138.58,140.2 1 83
github.com/aegisgatesecurity/aegisgate-rampart/pkg/detector/detector.go:143.90,144.16 1 96
github.com/aegisgatesecurity/aegisgate-rampart/pkg/detector/detector.go:144.16,146.3 1 5
github.com/aegisgatesecurity/aegisgate-rampart/pkg/detector/detector.go:149.2,150.16 2 91
github.com/aegisgatesecurity/aegisgate-rampart/pkg/detector/detector.go:150.16,152.3 1 0
github.com/aegisgatesecurity/aegisgate-rampart/pkg/detector/detector.go:154.2,163.39 2 91
github.com/aegisgatesecurity/aegisgate-rampart/pkg/detector/detector.go:163.39,173.3 2 29
github.com/aegisgatesecurity/aegisgate-rampart/pkg/detector/detector.go:174.2,177.45 2 91
github.com/aegisgatesecurity/aegisgate-rampart/pkg/detector/detector.go:177.45,179.3 1 12
github.com/aegisgatesecurity/aegisgate-rampart/pkg/detector/detector.go:182.2,185.62 2 91
github.com/aegisgatesecurity/aegisgate-rampart/pkg/detector/detector.go:185.62,187.3 1 111
github.com/aegisgatesecurity/aegisgate-rampart/pkg/detector/detector.go:190.2,190.17 1 91
github.com/aegisgatesecurity/aegisgate-rampart/pkg/detector/detector.go:190.17,193.24 3 8
github.com/aegisgatesecurity/aegisgate-rampart/pkg/detector/detector.go:193.24,204.4 2 4
github.com/aegisgatesecurity/aegisgate-rampart/pkg/detector/detector.go:208.2,209.31 2 91
github.com/aegisgatesecurity/aegisgate-rampart/pkg/detector/detector.go:209.31,219.3 2 44
github.com/aegisgatesecurity/aegisgate-rampart/pkg/detector/detector.go:222.2,224.21 2 91
github.com/aegisgatesecurity/aegisgate-rampart/pkg/detector/detector.go:228.68,230.29 2 5
github.com/aegisgatesecurity/aegisgate-rampart/pkg/detector/detector.go:230.29,232.17 2 57
github.com/aegisgatesecurity/aegisgate-rampart/pkg/detector/detector.go:232.17,234.4 1 0
github.com/aegisgatesecurity/aegisgate-rampart/pkg/detector/detector.go:235.3,235.22 1 57
github.com/aegisgatesecurity/aegisgate-rampart/pkg/detector/detector.go:237.2,237.21 1 5
github.com/aegisgatesecurity/aegisgate-rampart/pkg/detector/detector.go:241.47,242.9 1 37
github.com/aegisgatesecurity/aegisgate-rampart/pkg/detector/detector.go:243.21,244.20 1 27
github.com/aegisgatesecurity/aegisgate-rampart/pkg/detector/detector.go:245.21,246.16 1 2
github.com/aegisgatesecurity/aegisgate-rampart/pkg/detector/detector.go:247.21,248.18 1 5
github.com/aegisgatesecurity/aegisgate-rampart/pkg/detector/detector.go:249.10,250.15 1 3
github.com/aegisgatesecurity/aegisgate-rampart/internal/lsp/client.go:71.50,78.2 1 44
github.com/aegisgatesecurity/aegisgate-rampart/internal/lsp/client.go:81.76,83.16 2 7
github.com/aegisgatesecurity/aegisgate-rampart/internal/lsp/client.go:83.16,85.3 1 0
github.com/aegisgatesecurity/aegisgate-rampart/internal/lsp/client.go:87.2,88.16 2 7
github.com/aegisgatesecurity/aegisgate-rampart/internal/lsp/client.go:88.16,90.3 1 0
github.com/aegisgatesecurity/aegisgate-rampart/internal/lsp/client.go:91.2,93.38 2 7
github.com/aegisgatesecurity/aegisgate-rampart/internal/lsp/client.go:93.38,96.3 2 0
github.com/aegisgatesecurity/aegisgate-rampart/internal/lsp/client.go:98.2,99.66 2 7
github.com/aegisgatesecurity/aegisgate-rampart/internal/lsp/client.go:99.66,101.3 1 0
github.com/aegisgatesecurity/aegisgate-rampart/internal/lsp/client.go:103.2,103.20 1 7
github.com/aegisgatesecurity/aegisgate-rampart/internal/lsp/client.go:107.90,109.16 2 30
github.com/aegisgatesecurity/aegisgate-rampart/internal/lsp/client.go:109.16,111.3 1 0
github.com/aegisgatesecurity/aegisgate-rampart/internal/lsp/client.go:113.2,114.16 2 30
github.com/aegisgatesecurity/aegisgate-rampart/internal/lsp/client.go:114.16,116.3 1 0
github.com/aegisgatesecurity/aegisgate-rampart/internal/lsp/client.go:117.2,120.16 3 30
github.com/aegisgatesecurity/aegisgate-rampart/internal/lsp/client.go:120.16,122.3 1 17
github.com/aegisgatesecurity/aegisgate-rampart/internal/lsp/client.go:123.2,125.38 2 13
github.com/aegisgatesecurity/aegisgate-rampart/internal/lsp/client.go:125.38,128.3 2 3
github.com/aegisgatesecurity/aegisgate-rampart/internal/lsp/client.go:130.2,131.68 2 10
github.com/aegisgatesecurity/aegisgate-rampart/internal/lsp/client.go:131.68,133.3 1 1
github.com/aegisgatesecurity/aegisgate-rampart/internal/lsp/client.go:135.2,135.22 1 9
github.com/aegisgatesecurity/aegisgate-rampart/internal/lsp/handler.go:74.71,76.9 2 52
github.com/aegisgatesecurity/aegisgate-rampart/internal/lsp/handler.go:76.9,78.3 1 2
github.com/aegisgatesecurity/aegisgate-rampart/internal/lsp/handler.go:79.2,80.9 2 52
github.com/aegisgatesecurity/aegisgate-rampart/internal/lsp/handler.go:80.9,82.3 1 0
github.com/aegisgatesecurity/aegisgate-rampart/internal/lsp/handler.go:83.2,83.35 1 52
github.com/aegisgatesecurity/aegisgate-rampart/internal/lsp/handler.go:103.96,111.2 1 36
github.com/aegisgatesecurity/aegisgate-rampart/internal/lsp/handler.go:115.43,117.16 2 7
github.com/aegisgatesecurity/aegisgate-rampart/internal/lsp/handler.go:117.16,120.3 2 0
github.com/aegisgatesecurity/aegisgate-rampart/internal/lsp/handler.go:121.2,122.16 2 7
github.com/aegisgatesecurity/aegisgate-rampart/internal/lsp/handler.go:122.16,124.3 1 7
github.com/aegisgatesecurity/aegisgate-rampart/internal/lsp/handler.go:125.2,128.13 4 7
github.com/aegisgatesecurity/aegisgate-rampart/internal/lsp/handler.go:132.67,138.2 4 20
github.com/aegisgatesecurity/aegisgate-rampart/internal/lsp/handler.go:141.71,143.36 1 2
github.com/aegisgatesecurity/aegisgate-rampart/internal/lsp/handler.go:143.36,148.3 4 2
github.com/aegisgatesecurity/aegisgate-rampart/internal/lsp/handler.go:150.2,150.72 1 2
github.com/aegisgatesecurity/aegisgate-rampart/internal/lsp/handler.go:154.58,159.2 4 12
github.com/aegisgatesecurity/aegisgate-rampart/internal/lsp/handler.go:163.59,165.44 2 25
github.com/aegisgatesecurity/aegisgate-rampart/internal/lsp/handler.go:165.44,167.3 1 4
github.com/aegisgatesecurity/aegisgate-rampart/internal/lsp/handler.go:168.2,168.94 1 25
github.com/aegisgatesecurity/aegisgate-rampart/internal/lsp/handler.go:168.94,170.29 2 18
github.com/aegisgatesecurity/aegisgate-rampart/internal/lsp/handler.go:170.29,172.4 1 3
github.com/aegisgatesecurity/aegisgate-rampart/internal/lsp/handler.go:174.2,174.15 1 25
github.com/aegisgatesecurity/aegisgate-rampart/internal/lsp/handler.go:179.74,184.23 4 24
github.com/aegisgatesecurity/aegisgate-rampart/internal/lsp/handler.go:184.23,186.3 1 1
github.com/aegisgatesecurity/aegisgate-rampart/internal/lsp/handler.go:188.2,189.16 2 23
github.com/aegisgatesecurity/aegisgate-rampart/internal/lsp/handler.go:189.16,192.3 2 16
github.com/aegisgatesecurity/aegisgate-rampart/internal/lsp/handler.go:194.2,195.62 2 7
github.com/aegisgatesecurity/aegisgate-rampart/internal/lsp/handler.go:199.74,201.2 1 6
github.com/aegisgatesecurity/aegisgate-rampart/internal/lsp/handler.go:204.59,206.2 1 3
github.com/aegisgatesecurity/aegisgate-rampart/internal/lsp/handler.go:210.111,213.41 2 22
github.com/aegisgatesecurity/aegisgate-rampart/internal/lsp/handler.go:213.41,214.56 1 42
github.com/aegisgatesecurity/aegisgate-rampart/internal/lsp/handler.go:214.56,215.12 1 7
github.com/aegisgatesecurity/aegisgate-rampart/internal/lsp/handler.go:218.3,219.10 2 35
github.com/aegisgatesecurity/aegisgate-rampart/internal/lsp/handler.go:219.10,221.4 1 0
github.com/aegisgatesecurity/aegisgate-rampart/internal/lsp/handler.go:223.3,224.17 2 35
github.com/aegisgatesecurity/aegisgate-rampart/internal/lsp/handler.go:224.17,226.4 1 0
github.com/aegisgatesecurity/aegisgate-rampart/internal/lsp/handler.go:228.3,232.91 3 35
github.com/aegisgatesecurity/aegisgate-rampart/internal/lsp/handler.go:232.91,234.4 1 2
github.com/aegisgatesecurity/aegisgate-rampart/internal/lsp/handler.go:236.3,247.42 2 35
github.com/aegisgatesecurity/aegisgate-rampart/internal/lsp/handler.go:250.2,250.20 1 22
github.com/aegisgatesecurity/aegisgate-rampart/internal/lsp/handler.go:254.71,255.37 1 39
github.com/aegisgatesecurity/aegisgate-rampart/internal/lsp/handler.go:255.37,257.3 1 36
github.com/aegisgatesecurity/aegisgate-rampart/internal/lsp/handler.go:258.2,258.16 1 3
github.com/aegisgatesecurity/aegisgate-rampart/internal/lsp/handler.go:258.16,260.3 1 1
github.com/aegisgatesecurity/aegisgate-rampart/internal/lsp/handler.go:261.2,261.23 1 2
github.com/aegisgatesecurity/aegisgate-rampart/internal/lsp/handler.go:261.23,263.3 1 1
github.com/aegisgatesecurity/aegisgate-rampart/internal/lsp/handler.go:264.2,264.53 1 1
github.com/aegisgatesecurity/aegisgate-rampart/internal/lsp/server.go:34.42,40.82 2 1
github.com/aegisgatesecurity/aegisgate-rampart/internal/lsp/server.go:40.82,42.3 1 0
github.com/aegisgatesecurity/aegisgate-rampart/internal/lsp/server.go:43.2,43.10 1 1
github.com/aegisgatesecurity/aegisgate-rampart/internal/lsp/server.go:47.77,54.82 2 28
github.com/aegisgatesecurity/aegisgate-rampart/internal/lsp/server.go:54.82,56.3 1 3
github.com/aegisgatesecurity/aegisgate-rampart/internal/lsp/server.go:57.2,57.10 1 28
github.com/aegisgatesecurity/aegisgate-rampart/internal/lsp/server.go:62.30,67.6 4 4
github.com/aegisgatesecurity/aegisgate-rampart/internal/lsp/server.go:67.6,69.17 2 10
github.com/aegisgatesecurity/aegisgate-rampart/internal/lsp/server.go:69.17,71.21 1 4
github.com/aegisgatesecurity/aegisgate-rampart/internal/lsp/server.go:71.21,73.5 1 3
github.com/aegisgatesecurity/aegisgate-rampart/internal/lsp/server.go:74.4,75.14 2 1
github.com/aegisgatesecurity/aegisgate-rampart/internal/lsp/server.go:78.3,78.17 1 6
github.com/aegisgatesecurity/aegisgate-rampart/internal/lsp/server.go:78.17,79.12 1 0
github.com/aegisgatesecurity/aegisgate-rampart/internal/lsp/server.go:82.3,83.22 2 6
github.com/aegisgatesecurity/aegisgate-rampart/internal/lsp/server.go:83.22,84.51 1 3
github.com/aegisgatesecurity/aegisgate-rampart/internal/lsp/server.go:84.51,87.5 2 0
github.com/aegisgatesecurity/aegisgate-rampart/internal/lsp/server.go:93.50,96.6 2 16
github.com/aegisgatesecurity/aegisgate-rampart/internal/lsp/server.go:96.6,98.17 2 27
github.com/aegisgatesecurity/aegisgate-rampart/internal/lsp/server.go:98.17,100.4 1 4
github.com/aegisgatesecurity/aegisgate-rampart/internal/lsp/server.go:101.3,102.17 2 23
github.com/aegisgatesecurity/aegisgate-rampart/internal/lsp/server.go:102.17,104.9 1 12
github.com/aegisgatesecurity/aegisgate-rampart/internal/lsp/server.go:106.3,106.49 1 11
github.com/aegisgatesecurity/aegisgate-rampart/internal/lsp/server.go:106.49,108.10 2 11
github.com/aegisgatesecurity/aegisgate-rampart/internal/lsp/server.go:108.10,110.19 2 11
github.com/aegisgatesecurity/aegisgate-rampart/internal/lsp/server.go:110.19,112.6 1 0
github.com/aegisgatesecurity/aegisgate-rampart/internal/lsp/server.go:113.5,113.22 1 11
github.com/aegisgatesecurity/aegisgate-rampart/internal/lsp/server.go:118.2,118.24 1 12
github.com/aegisgatesecurity/aegisgate-rampart/internal/lsp/server.go:118.24,120.3 1 1
github.com/aegisgatesecurity/aegisgate-rampart/internal/lsp/server.go:123.2,124.50 2 11
github.com/aegisgatesecurity/aegisgate-rampart/internal/lsp/server.go:124.50,126.3 1 1
github.com/aegisgatesecurity/aegisgate-rampart/internal/lsp/server.go:128.2,129.50 2 10
github.com/aegisgatesecurity/aegisgate-rampart/internal/lsp/server.go:129.50,131.3 1 1
github.com/aegisgatesecurity/aegisgate-rampart/internal/lsp/server.go:133.2,133.18 1 9
github.com/aegisgatesecurity/aegisgate-rampart/internal/lsp/server.go:137.50,138.20 1 20
github.com/aegisgatesecurity/aegisgate-rampart/internal/lsp/server.go:139.20,140.33 1 4
github.com/aegisgatesecurity/aegisgate-rampart/internal/lsp/server.go:141.21,143.13 1 3
github.com/aegisgatesecurity/aegisgate-rampart/internal/lsp/server.go:144.30,146.13 2 3
github.com/aegisgatesecurity/aegisgate-rampart/internal/lsp/server.go:147.32,149.13 2 2
github.com/aegisgatesecurity/aegisgate-rampart/internal/lsp/server.go:150.18,151.31 1 3
github.com/aegisgatesecurity/aegisgate-rampart/internal/lsp/server.go:152.14,156.13 4 2
github.com/aegisgatesecurity/aegisgate-rampart/internal/lsp/server.go:157.10,159.20 1 3
github.com/aegisgatesecurity/aegisgate-rampart/internal/lsp/server.go:159.20,168.4 1 2
github.com/aegisgatesecurity/aegisgate-rampart/internal/lsp/server.go:169.3,169.13 1 1
github.com/aegisgatesecurity/aegisgate-rampart/internal/lsp/server.go:174.58,185.16 3 4
github.com/aegisgatesecurity/aegisgate-rampart/internal/lsp/server.go:185.16,191.3 1 0
github.com/aegisgatesecurity/aegisgate-rampart/internal/lsp/server.go:193.2,197.3 1 4
github.com/aegisgatesecurity/aegisgate-rampart/internal/lsp/server.go:201.46,203.60 2 3
github.com/aegisgatesecurity/aegisgate-rampart/internal/lsp/server.go:203.60,206.3 2 1
github.com/aegisgatesecurity/aegisgate-rampart/internal/lsp/server.go:208.2,211.79 2 2
github.com/aegisgatesecurity/aegisgate-rampart/internal/lsp/server.go:215.48,217.60 2 2
github.com/aegisgatesecurity/aegisgate-rampart/internal/lsp/server.go:217.60,220.3 2 1
github.com/aegisgatesecurity/aegisgate-rampart/internal/lsp/server.go:222.2,224.88 2 1
github.com/aegisgatesecurity/aegisgate-rampart/internal/lsp/server.go:228.56,234.2 1 3
github.com/aegisgatesecurity/aegisgate-rampart/internal/lsp/server.go:237.62,240.2 2 3
github.com/aegisgatesecurity/aegisgate-rampart/internal/lsp/server.go:243.71,249.2 1 2
github.com/aegisgatesecurity/aegisgate-rampart/internal/lsp/server.go:252.85,253.24 1 9
github.com/aegisgatesecurity/aegisgate-rampart/internal/lsp/server.go:253.24,255.3 1 2
github.com/aegisgatesecurity/aegisgate-rampart/internal/lsp/server.go:257.2,264.16 3 9
github.com/aegisgatesecurity/aegisgate-rampart/internal/lsp/server.go:264.16,267.3 2 0
github.com/aegisgatesecurity/aegisgate-rampart/internal/lsp/server.go:269.2,275.53 2 9
github.com/aegisgatesecurity/aegisgate-rampart/internal/lsp/server.go:275.53,277.3 1 0
github.com/aegisgatesecurity/aegisgate-rampart/internal/lsp/server.go:281.51,283.16 2 15
github.com/aegisgatesecurity/aegisgate-rampart/internal/lsp/server.go:283.16,285.3 1 0
github.com/aegisgatesecurity/aegisgate-rampart/internal/lsp/server.go:287.2,291.53 4 15
github.com/aegisgatesecurity/aegisgate-rampart/internal/lsp/server.go:291.53,293.3 1 1
github.com/aegisgatesecurity/aegisgate-rampart/internal/lsp/server.go:294.2,294.45 1 14
github.com/aegisgatesecurity/aegisgate-rampart/internal/lsp/server.go:294.45,296.3 1 0
github.com/aegisgatesecurity/aegisgate-rampart/internal/lsp/server.go:298.2,298.12 1 14
